16:59:11.129 [Worker-15] INFO  o.a.AndroidAnnotationProcessor:85 - Initialize AndroidAnnotations 3.0.1 with options {phase=BUILD}
16:59:11.132 [Worker-15] INFO  o.a.AndroidAnnotationProcessor:109 - Start processing for 5 annotations on 10 elements
16:59:11.143 [Worker-15] DEBUG o.a.h.AndroidManifestFinder:137 - AndroidManifest.xml file found in parent folder D:\Programas\Desenvolvimento de Software\Desenvolvimento\Mobile\Android\workspace\AnunciosApp: D:\Programas\Desenvolvimento de Software\Desenvolvimento\Mobile\Android\workspace\AnunciosApp\AndroidManifest.xml
16:59:11.146 [Worker-15] INFO  o.a.AndroidAnnotationProcessor:172 - AndroidManifest.xml found: AndroidManifest [applicationPackage=br.senai.sc.anuncios.app, componentQualifiedNames=[br.senai.sc.anuncios.app.activity.home.HomeActivity_, br.senai.sc.anuncios.app.activity.login.LoginActivity_, br.senai.sc.anuncios.app.activity.menu.MenuActivity_, br.senai.sc.anuncios.app.activity.anuncio.NovoAnuncioActivity_], permissionQualifiedNames=[], applicationClassName=null, libraryProject=false, debugabble=false, minSdkVersion=14, maxSdkVersion=-1, targetSdkVersion=19]
16:59:11.148 [Worker-15] INFO  o.a.r.ProjectRClassFinder:50 - Found project R class: br.senai.sc.anuncios.app.R
16:59:11.154 [Worker-15] INFO  o.a.r.AndroidRClassFinder:44 - Found Android class: android.R
16:59:11.159 [Worker-15] INFO  o.a.p.ModelValidator:42 - Validating elements
16:59:11.160 [Worker-15] DEBUG o.a.p.ModelValidator:62 - Validating with EActivityHandler: [br.senai.sc.anuncios.app.activity.login.LoginActivity, br.senai.sc.anuncios.app.activity.menu.MenuActivity, br.senai.sc.anuncios.app.activity.home.HomeActivity]
16:59:11.161 [Worker-15] DEBUG o.a.p.ModelValidator:62 - Validating with ViewByIdHandler: [listAnuncios, usuarioEditText, senhaEditText]
16:59:11.164 [Worker-15] DEBUG o.a.p.ModelValidator:62 - Validating with ClickHandler: [public void irParaOMenu() ]
16:59:11.166 [Worker-15] DEBUG o.a.p.ModelValidator:62 - Validating with WindowFeatureHandler: [br.senai.sc.anuncios.app.activity.login.LoginActivity]
16:59:11.167 [Worker-15] DEBUG o.a.p.ModelValidator:62 - Validating with AfterViewsHandler: [void iniciarListAdapter() , public void verificarSeEhParaFinalizarApp() ]
16:59:11.169 [Worker-15] INFO  o.a.p.ModelProcessor:73 - Processing root elements
16:59:11.170 [Worker-15] DEBUG o.a.p.ModelProcessor:80 - Processing root elements EActivityHandler: [br.senai.sc.anuncios.app.activity.login.LoginActivity, br.senai.sc.anuncios.app.activity.menu.MenuActivity, br.senai.sc.anuncios.app.activity.home.HomeActivity]
16:59:11.174 [Worker-15] INFO  o.a.p.ModelProcessor:104 - Processing enclosed elements
16:59:11.176 [Worker-15] INFO  o.a.AndroidAnnotationProcessor:251 - Number of files generated by AndroidAnnotations: 3
16:59:11.177 [Worker-15] INFO  o.a.g.ApiCodeGenerator:52 - Writting following API classes in project: []
16:59:11.178 [Worker-15] DEBUG o.a.g.SourceCodewriter:55 - Generating class: br.senai.sc.anuncios.app.activity.login.LoginActivity_
16:59:11.183 [Worker-15] DEBUG o.a.g.SourceCodewriter:55 - Generating class: br.senai.sc.anuncios.app.activity.home.HomeActivity_
16:59:11.188 [Worker-15] DEBUG o.a.g.SourceCodewriter:55 - Generating class: br.senai.sc.anuncios.app.activity.menu.MenuActivity_
16:59:11.194 [Worker-15] INFO  o.a.p.TimeStats:81 - Time measurements: [Whole Processing = 62 ms], [Generate Sources = 18 ms], [Extract Annotations = 10 ms], [Find R Classes = 10 ms], [Validate Annotations = 9 ms], [Process Annotations = 8 ms], [Extract Manifest = 3 ms], 
16:59:11.196 [Worker-15] INFO  o.a.AndroidAnnotationProcessor:123 - Finish processing
16:59:33.344 [Worker-15] INFO  o.a.AndroidAnnotationProcessor:85 - Initialize AndroidAnnotations 3.0.1 with options {phase=BUILD}
16:59:48.38 [Worker-13] INFO  o.a.AndroidAnnotationProcessor:85 - Initialize AndroidAnnotations 3.0.1 with options {phase=BUILD}
16:59:48.39 [Worker-13] INFO  o.a.AndroidAnnotationProcessor:109 - Start processing for 4 annotations on 3 elements
16:59:48.49 [Worker-13] DEBUG o.a.h.AndroidManifestFinder:137 - AndroidManifest.xml file found in parent folder D:\Programas\Desenvolvimento de Software\Desenvolvimento\Mobile\Android\workspace\AnunciosApp: D:\Programas\Desenvolvimento de Software\Desenvolvimento\Mobile\Android\workspace\AnunciosApp\AndroidManifest.xml
16:59:48.52 [Worker-13] INFO  o.a.AndroidAnnotationProcessor:172 - AndroidManifest.xml found: AndroidManifest [applicationPackage=br.senai.sc.anuncios.app, componentQualifiedNames=[br.senai.sc.anuncios.app.activity.home.HomeActivity_, br.senai.sc.anuncios.app.activity.login.LoginActivity_, br.senai.sc.anuncios.app.activity.menu.MenuActivity_, br.senai.sc.anuncios.app.activity.anuncio.NovoAnuncioActivity_], permissionQualifiedNames=[], applicationClassName=null, libraryProject=false, debugabble=false, minSdkVersion=14, maxSdkVersion=-1, targetSdkVersion=19]
16:59:48.53 [Worker-13] INFO  o.a.r.ProjectRClassFinder:50 - Found project R class: br.senai.sc.anuncios.app.R
16:59:48.57 [Worker-13] INFO  o.a.r.AndroidRClassFinder:44 - Found Android class: android.R
16:59:48.61 [Worker-13] INFO  o.a.p.ModelValidator:42 - Validating elements
16:59:48.62 [Worker-13] DEBUG o.a.p.ModelValidator:62 - Validating with EActivityHandler: [br.senai.sc.anuncios.app.activity.home.HomeActivity]
16:59:48.63 [Worker-13] DEBUG o.a.p.ModelValidator:62 - Validating with ViewByIdHandler: [listAnuncios]
16:59:48.66 [Worker-13] DEBUG o.a.p.ModelValidator:62 - Validating with ClickHandler: [public void irParaOMenu() ]
16:59:48.68 [Worker-13] DEBUG o.a.p.ModelValidator:62 - Validating with AfterViewsHandler: [void iniciarListAdapter() ]
16:59:48.69 [Worker-13] INFO  o.a.p.ModelProcessor:73 - Processing root elements
16:59:48.70 [Worker-13] DEBUG o.a.p.ModelProcessor:80 - Processing root elements EActivityHandler: [br.senai.sc.anuncios.app.activity.home.HomeActivity]
16:59:48.73 [Worker-13] INFO  o.a.p.ModelProcessor:104 - Processing enclosed elements
16:59:48.74 [Worker-13] INFO  o.a.AndroidAnnotationProcessor:251 - Number of files generated by AndroidAnnotations: 1
16:59:48.76 [Worker-13] INFO  o.a.g.ApiCodeGenerator:52 - Writting following API classes in project: []
16:59:48.77 [Worker-13] DEBUG o.a.g.SourceCodewriter:55 - Generating class: br.senai.sc.anuncios.app.activity.home.HomeActivity_
16:59:48.80 [Worker-13] INFO  o.a.p.TimeStats:81 - Time measurements: [Whole Processing = 41 ms], [Extract Annotations = 8 ms], [Find R Classes = 8 ms], [Validate Annotations = 8 ms], [Generate Sources = 6 ms], [Process Annotations = 5 ms], [Extract Manifest = 3 ms], 
16:59:48.81 [Worker-13] INFO  o.a.AndroidAnnotationProcessor:123 - Finish processing
17:01:09.762 [Worker-17] INFO  o.a.AndroidAnnotationProcessor:85 - Initialize AndroidAnnotations 3.0.1 with options {phase=BUILD}
17:01:09.764 [Worker-17] INFO  o.a.AndroidAnnotationProcessor:109 - Start processing for 3 annotations on 1 elements
17:01:09.775 [Worker-17] DEBUG o.a.h.AndroidManifestFinder:137 - AndroidManifest.xml file found in parent folder D:\Programas\Desenvolvimento de Software\Desenvolvimento\Mobile\Android\workspace\AnunciosApp: D:\Programas\Desenvolvimento de Software\Desenvolvimento\Mobile\Android\workspace\AnunciosApp\AndroidManifest.xml
17:01:09.778 [Worker-17] INFO  o.a.AndroidAnnotationProcessor:172 - AndroidManifest.xml found: AndroidManifest [applicationPackage=br.senai.sc.anuncios.app, componentQualifiedNames=[br.senai.sc.anuncios.app.activity.home.HomeActivity_, br.senai.sc.anuncios.app.activity.login.LoginActivity_, br.senai.sc.anuncios.app.activity.menu.MenuActivity_, br.senai.sc.anuncios.app.activity.anuncio.NovoAnuncioActivity_], permissionQualifiedNames=[], applicationClassName=null, libraryProject=false, debugabble=false, minSdkVersion=14, maxSdkVersion=-1, targetSdkVersion=19]
17:01:09.780 [Worker-17] INFO  o.a.r.ProjectRClassFinder:50 - Found project R class: br.senai.sc.anuncios.app.R
17:01:09.784 [Worker-17] INFO  o.a.r.AndroidRClassFinder:44 - Found Android class: android.R
17:01:09.789 [Worker-17] INFO  o.a.p.ModelValidator:42 - Validating elements
17:01:09.790 [Worker-17] DEBUG o.a.p.ModelValidator:62 - Validating with EActivityHandler: [br.senai.sc.anuncios.app.activity.home.HomeActivity]
17:01:09.791 [Worker-17] DEBUG o.a.p.ModelValidator:62 - Validating with ViewByIdHandler: [listAnuncios]
17:01:09.794 [Worker-17] DEBUG o.a.p.ModelValidator:62 - Validating with AfterViewsHandler: [void iniciarListAdapter() ]
17:01:09.795 [Worker-17] INFO  o.a.p.ModelProcessor:73 - Processing root elements
17:01:09.796 [Worker-17] DEBUG o.a.p.ModelProcessor:80 - Processing root elements EActivityHandler: [br.senai.sc.anuncios.app.activity.home.HomeActivity]
17:01:09.799 [Worker-17] INFO  o.a.p.ModelProcessor:104 - Processing enclosed elements
17:01:09.801 [Worker-17] INFO  o.a.AndroidAnnotationProcessor:251 - Number of files generated by AndroidAnnotations: 1
17:01:09.804 [Worker-17] INFO  o.a.g.ApiCodeGenerator:52 - Writting following API classes in project: []
17:01:09.806 [Worker-17] DEBUG o.a.g.SourceCodewriter:55 - Generating class: br.senai.sc.anuncios.app.activity.home.HomeActivity_
17:01:09.819 [Worker-17] INFO  o.a.p.TimeStats:81 - Time measurements: [Whole Processing = 55 ms], [Generate Sources = 18 ms], [Extract Annotations = 10 ms], [Find R Classes = 8 ms], [Validate Annotations = 6 ms], [Process Annotations = 6 ms], [Extract Manifest = 3 ms], 
17:01:09.829 [Worker-17] INFO  o.a.AndroidAnnotationProcessor:123 - Finish processing
17:01:22.9 [Worker-19] INFO  o.a.AndroidAnnotationProcessor:85 - Initialize AndroidAnnotations 3.0.1 with options {phase=BUILD}
17:01:22.11 [Worker-19] INFO  o.a.AndroidAnnotationProcessor:109 - Start processing for 3 annotations on 3 elements
17:01:22.19 [Worker-19] DEBUG o.a.h.AndroidManifestFinder:137 - AndroidManifest.xml file found in parent folder D:\Programas\Desenvolvimento de Software\Desenvolvimento\Mobile\Android\workspace\AnunciosApp: D:\Programas\Desenvolvimento de Software\Desenvolvimento\Mobile\Android\workspace\AnunciosApp\AndroidManifest.xml
17:01:22.22 [Worker-19] INFO  o.a.AndroidAnnotationProcessor:172 - AndroidManifest.xml found: AndroidManifest [applicationPackage=br.senai.sc.anuncios.app, componentQualifiedNames=[br.senai.sc.anuncios.app.activity.home.HomeActivity_, br.senai.sc.anuncios.app.activity.login.LoginActivity_, br.senai.sc.anuncios.app.activity.menu.MenuActivity_, br.senai.sc.anuncios.app.activity.anuncio.NovoAnuncioActivity_], permissionQualifiedNames=[], applicationClassName=null, libraryProject=false, debugabble=false, minSdkVersion=14, maxSdkVersion=-1, targetSdkVersion=19]
17:01:22.24 [Worker-19] INFO  o.a.r.ProjectRClassFinder:50 - Found project R class: br.senai.sc.anuncios.app.R
17:01:22.27 [Worker-19] INFO  o.a.r.AndroidRClassFinder:44 - Found Android class: android.R
17:01:22.31 [Worker-19] INFO  o.a.p.ModelValidator:42 - Validating elements
17:01:22.33 [Worker-19] DEBUG o.a.p.ModelValidator:62 - Validating with EActivityHandler: [br.senai.sc.anuncios.app.activity.home.HomeActivity]
17:01:22.34 [Worker-19] DEBUG o.a.p.ModelValidator:62 - Validating with ViewByIdHandler: [listAnuncios]
17:01:22.37 [Worker-19] DEBUG o.a.p.ModelValidator:62 - Validating with AfterViewsHandler: [void iniciarListAdapter() ]
17:01:22.39 [Worker-19] INFO  o.a.p.ModelProcessor:73 - Processing root elements
17:01:22.40 [Worker-19] DEBUG o.a.p.ModelProcessor:80 - Processing root elements EActivityHandler: [br.senai.sc.anuncios.app.activity.home.HomeActivity]
17:01:22.43 [Worker-19] INFO  o.a.p.ModelProcessor:104 - Processing enclosed elements
17:01:22.45 [Worker-19] INFO  o.a.AndroidAnnotationProcessor:251 - Number of files generated by AndroidAnnotations: 1
17:01:22.46 [Worker-19] INFO  o.a.g.ApiCodeGenerator:52 - Writting following API classes in project: []
17:01:22.48 [Worker-19] DEBUG o.a.g.SourceCodewriter:55 - Generating class: br.senai.sc.anuncios.app.activity.home.HomeActivity_
17:01:22.50 [Worker-19] INFO  o.a.p.TimeStats:81 - Time measurements: [Whole Processing = 39 ms], [Find R Classes = 8 ms], [Validate Annotations = 8 ms], [Extract Annotations = 7 ms], [Process Annotations = 6 ms], [Generate Sources = 5 ms], [Extract Manifest = 3 ms], 
17:01:22.52 [Worker-19] INFO  o.a.AndroidAnnotationProcessor:123 - Finish processing
17:01:29.729 [Worker-21] INFO  o.a.AndroidAnnotationProcessor:85 - Initialize AndroidAnnotations 3.0.1 with options {phase=BUILD}
17:01:29.731 [Worker-21] INFO  o.a.AndroidAnnotationProcessor:109 - Start processing for 3 annotations on 1 elements
17:01:29.741 [Worker-21] DEBUG o.a.h.AndroidManifestFinder:137 - AndroidManifest.xml file found in parent folder D:\Programas\Desenvolvimento de Software\Desenvolvimento\Mobile\Android\workspace\AnunciosApp: D:\Programas\Desenvolvimento de Software\Desenvolvimento\Mobile\Android\workspace\AnunciosApp\AndroidManifest.xml
17:01:29.744 [Worker-21] INFO  o.a.AndroidAnnotationProcessor:172 - AndroidManifest.xml found: AndroidManifest [applicationPackage=br.senai.sc.anuncios.app, componentQualifiedNames=[br.senai.sc.anuncios.app.activity.home.HomeActivity_, br.senai.sc.anuncios.app.activity.login.LoginActivity_, br.senai.sc.anuncios.app.activity.menu.MenuActivity_, br.senai.sc.anuncios.app.activity.anuncio.NovoAnuncioActivity_], permissionQualifiedNames=[], applicationClassName=null, libraryProject=false, debugabble=false, minSdkVersion=14, maxSdkVersion=-1, targetSdkVersion=19]
17:01:29.745 [Worker-21] INFO  o.a.r.ProjectRClassFinder:50 - Found project R class: br.senai.sc.anuncios.app.R
17:01:29.748 [Worker-21] INFO  o.a.r.AndroidRClassFinder:44 - Found Android class: android.R
17:01:29.753 [Worker-21] INFO  o.a.p.ModelValidator:42 - Validating elements
17:01:29.754 [Worker-21] DEBUG o.a.p.ModelValidator:62 - Validating with EActivityHandler: [br.senai.sc.anuncios.app.activity.home.HomeActivity]
17:01:29.755 [Worker-21] DEBUG o.a.p.ModelValidator:62 - Validating with ViewByIdHandler: [listAnuncios]
17:01:29.758 [Worker-21] DEBUG o.a.p.ModelValidator:62 - Validating with AfterViewsHandler: [void iniciarListAdapter() ]
17:01:29.759 [Worker-21] INFO  o.a.p.ModelProcessor:73 - Processing root elements
17:01:29.760 [Worker-21] DEBUG o.a.p.ModelProcessor:80 - Processing root elements EActivityHandler: [br.senai.sc.anuncios.app.activity.home.HomeActivity]
17:01:29.763 [Worker-21] INFO  o.a.p.ModelProcessor:104 - Processing enclosed elements
17:01:29.764 [Worker-21] INFO  o.a.AndroidAnnotationProcessor:251 - Number of files generated by AndroidAnnotations: 1
17:01:29.765 [Worker-21] INFO  o.a.g.ApiCodeGenerator:52 - Writting following API classes in project: []
17:01:29.766 [Worker-21] DEBUG o.a.g.SourceCodewriter:55 - Generating class: br.senai.sc.anuncios.app.activity.home.HomeActivity_
17:01:29.769 [Worker-21] INFO  o.a.p.TimeStats:81 - Time measurements: [Whole Processing = 38 ms], [Extract Annotations = 9 ms], [Find R Classes = 7 ms], [Validate Annotations = 6 ms], [Process Annotations = 5 ms], [Generate Sources = 5 ms], [Extract Manifest = 3 ms], 
17:01:29.770 [Worker-21] INFO  o.a.AndroidAnnotationProcessor:123 - Finish processing
17:03:06.569 [Worker-15] INFO  o.a.AndroidAnnotationProcessor:85 - Initialize AndroidAnnotations 3.0.1 with options {phase=BUILD}
17:03:06.571 [Worker-15] INFO  o.a.AndroidAnnotationProcessor:109 - Start processing for 4 annotations on 1 elements
17:03:06.580 [Worker-15] DEBUG o.a.h.AndroidManifestFinder:137 - AndroidManifest.xml file found in parent folder D:\Programas\Desenvolvimento de Software\Desenvolvimento\Mobile\Android\workspace\AnunciosApp: D:\Programas\Desenvolvimento de Software\Desenvolvimento\Mobile\Android\workspace\AnunciosApp\AndroidManifest.xml
17:03:06.583 [Worker-15] INFO  o.a.AndroidAnnotationProcessor:172 - AndroidManifest.xml found: AndroidManifest [applicationPackage=br.senai.sc.anuncios.app, componentQualifiedNames=[br.senai.sc.anuncios.app.activity.home.HomeActivity_, br.senai.sc.anuncios.app.activity.login.LoginActivity_, br.senai.sc.anuncios.app.activity.menu.MenuActivity_, br.senai.sc.anuncios.app.activity.anuncio.NovoAnuncioActivity_], permissionQualifiedNames=[], applicationClassName=null, libraryProject=false, debugabble=false, minSdkVersion=14, maxSdkVersion=-1, targetSdkVersion=19]
17:03:06.584 [Worker-15] INFO  o.a.r.ProjectRClassFinder:50 - Found project R class: br.senai.sc.anuncios.app.R
17:03:06.588 [Worker-15] INFO  o.a.r.AndroidRClassFinder:44 - Found Android class: android.R
17:03:06.592 [Worker-15] INFO  o.a.p.ModelValidator:42 - Validating elements
17:03:06.593 [Worker-15] DEBUG o.a.p.ModelValidator:62 - Validating with EActivityHandler: [br.senai.sc.anuncios.app.activity.login.LoginActivity]
17:03:06.594 [Worker-15] DEBUG o.a.p.ModelValidator:62 - Validating with ViewByIdHandler: [senhaEditText, usuarioEditText]
17:03:06.596 [Worker-15] DEBUG o.a.p.ModelValidator:62 - Validating with WindowFeatureHandler: [br.senai.sc.anuncios.app.activity.login.LoginActivity]
17:03:06.598 [Worker-15] DEBUG o.a.p.ModelValidator:62 - Validating with AfterViewsHandler: [public void verificarSeEhParaFinalizarApp() ]
17:03:06.599 [Worker-15] INFO  o.a.p.ModelProcessor:73 - Processing root elements
17:03:06.600 [Worker-15] DEBUG o.a.p.ModelProcessor:80 - Processing root elements EActivityHandler: [br.senai.sc.anuncios.app.activity.login.LoginActivity]
17:03:06.603 [Worker-15] INFO  o.a.p.ModelProcessor:104 - Processing enclosed elements
17:03:06.604 [Worker-15] INFO  o.a.AndroidAnnotationProcessor:251 - Number of files generated by AndroidAnnotations: 1
17:03:06.606 [Worker-15] INFO  o.a.g.ApiCodeGenerator:52 - Writting following API classes in project: []
17:03:06.607 [Worker-15] DEBUG o.a.g.SourceCodewriter:55 - Generating class: br.senai.sc.anuncios.app.activity.login.LoginActivity_
17:03:06.611 [Worker-15] INFO  o.a.p.TimeStats:81 - Time measurements: [Whole Processing = 40 ms], [Find R Classes = 8 ms], [Validate Annotations = 7 ms], [Generate Sources = 7 ms], [Extract Annotations = 6 ms], [Process Annotations = 5 ms], [Extract Manifest = 4 ms], 
17:03:06.613 [Worker-15] INFO  o.a.AndroidAnnotationProcessor:123 - Finish processing
17:03:09.43 [Worker-20] INFO  o.a.AndroidAnnotationProcessor:85 - Initialize AndroidAnnotations 3.0.1 with options {phase=BUILD}
17:03:09.44 [Worker-20] INFO  o.a.AndroidAnnotationProcessor:109 - Start processing for 4 annotations on 3 elements
17:03:09.52 [Worker-20] DEBUG o.a.h.AndroidManifestFinder:137 - AndroidManifest.xml file found in parent folder D:\Programas\Desenvolvimento de Software\Desenvolvimento\Mobile\Android\workspace\AnunciosApp: D:\Programas\Desenvolvimento de Software\Desenvolvimento\Mobile\Android\workspace\AnunciosApp\AndroidManifest.xml
17:03:09.54 [Worker-20] INFO  o.a.AndroidAnnotationProcessor:172 - AndroidManifest.xml found: AndroidManifest [applicationPackage=br.senai.sc.anuncios.app, componentQualifiedNames=[br.senai.sc.anuncios.app.activity.home.HomeActivity_, br.senai.sc.anuncios.app.activity.login.LoginActivity_, br.senai.sc.anuncios.app.activity.menu.MenuActivity_, br.senai.sc.anuncios.app.activity.anuncio.NovoAnuncioActivity_], permissionQualifiedNames=[], applicationClassName=null, libraryProject=false, debugabble=false, minSdkVersion=14, maxSdkVersion=-1, targetSdkVersion=19]
17:03:09.55 [Worker-20] INFO  o.a.r.ProjectRClassFinder:50 - Found project R class: br.senai.sc.anuncios.app.R
17:03:09.59 [Worker-20] INFO  o.a.r.AndroidRClassFinder:44 - Found Android class: android.R
17:03:09.63 [Worker-20] INFO  o.a.p.ModelValidator:42 - Validating elements
17:03:09.64 [Worker-20] DEBUG o.a.p.ModelValidator:62 - Validating with EActivityHandler: [br.senai.sc.anuncios.app.activity.login.LoginActivity]
17:03:09.65 [Worker-20] DEBUG o.a.p.ModelValidator:62 - Validating with ViewByIdHandler: [usuarioEditText, senhaEditText]
17:03:09.67 [Worker-20] DEBUG o.a.p.ModelValidator:62 - Validating with WindowFeatureHandler: [br.senai.sc.anuncios.app.activity.login.LoginActivity]
17:03:09.69 [Worker-20] DEBUG o.a.p.ModelValidator:62 - Validating with AfterViewsHandler: [public void verificarSeEhParaFinalizarApp() ]
17:03:09.70 [Worker-20] INFO  o.a.p.ModelProcessor:73 - Processing root elements
17:03:09.71 [Worker-20] DEBUG o.a.p.ModelProcessor:80 - Processing root elements EActivityHandler: [br.senai.sc.anuncios.app.activity.login.LoginActivity]
17:03:09.74 [Worker-20] INFO  o.a.p.ModelProcessor:104 - Processing enclosed elements
17:03:09.76 [Worker-20] INFO  o.a.AndroidAnnotationProcessor:251 - Number of files generated by AndroidAnnotations: 1
17:03:09.77 [Worker-20] INFO  o.a.g.ApiCodeGenerator:52 - Writting following API classes in project: []
17:03:09.79 [Worker-20] DEBUG o.a.g.SourceCodewriter:55 - Generating class: br.senai.sc.anuncios.app.activity.login.LoginActivity_
17:03:09.87 [Worker-20] INFO  o.a.p.TimeStats:81 - Time measurements: [Whole Processing = 43 ms], [Generate Sources = 11 ms], [Find R Classes = 8 ms], [Validate Annotations = 7 ms], [Extract Annotations = 6 ms], [Process Annotations = 6 ms], [Extract Manifest = 3 ms], 
17:03:09.88 [Worker-20] INFO  o.a.AndroidAnnotationProcessor:123 - Finish processing
17:03:13.931 [Worker-22] INFO  o.a.AndroidAnnotationProcessor:85 - Initialize AndroidAnnotations 3.0.1 with options {phase=BUILD}
17:03:13.932 [Worker-22] INFO  o.a.AndroidAnnotationProcessor:109 - Start processing for 4 annotations on 1 elements
17:03:13.943 [Worker-22] DEBUG o.a.h.AndroidManifestFinder:137 - AndroidManifest.xml file found in parent folder D:\Programas\Desenvolvimento de Software\Desenvolvimento\Mobile\Android\workspace\AnunciosApp: D:\Programas\Desenvolvimento de Software\Desenvolvimento\Mobile\Android\workspace\AnunciosApp\AndroidManifest.xml
17:03:13.946 [Worker-22] INFO  o.a.AndroidAnnotationProcessor:172 - AndroidManifest.xml found: AndroidManifest [applicationPackage=br.senai.sc.anuncios.app, componentQualifiedNames=[br.senai.sc.anuncios.app.activity.home.HomeActivity_, br.senai.sc.anuncios.app.activity.login.LoginActivity_, br.senai.sc.anuncios.app.activity.menu.MenuActivity_, br.senai.sc.anuncios.app.activity.anuncio.NovoAnuncioActivity_], permissionQualifiedNames=[], applicationClassName=null, libraryProject=false, debugabble=false, minSdkVersion=14, maxSdkVersion=-1, targetSdkVersion=19]
17:03:13.947 [Worker-22] INFO  o.a.r.ProjectRClassFinder:50 - Found project R class: br.senai.sc.anuncios.app.R
17:03:13.950 [Worker-22] INFO  o.a.r.AndroidRClassFinder:44 - Found Android class: android.R
17:03:13.955 [Worker-22] INFO  o.a.p.ModelValidator:42 - Validating elements
17:03:13.956 [Worker-22] DEBUG o.a.p.ModelValidator:62 - Validating with EActivityHandler: [br.senai.sc.anuncios.app.activity.login.LoginActivity]
17:03:13.958 [Worker-22] DEBUG o.a.p.ModelValidator:62 - Validating with ViewByIdHandler: [senhaEditText, usuarioEditText]
17:03:13.960 [Worker-22] DEBUG o.a.p.ModelValidator:62 - Validating with WindowFeatureHandler: [br.senai.sc.anuncios.app.activity.login.LoginActivity]
17:03:13.962 [Worker-22] DEBUG o.a.p.ModelValidator:62 - Validating with AfterViewsHandler: [public void verificarSeEhParaFinalizarApp() ]
17:03:13.963 [Worker-22] INFO  o.a.p.ModelProcessor:73 - Processing root elements
17:03:13.964 [Worker-22] DEBUG o.a.p.ModelProcessor:80 - Processing root elements EActivityHandler: [br.senai.sc.anuncios.app.activity.login.LoginActivity]
17:03:13.967 [Worker-22] INFO  o.a.p.ModelProcessor:104 - Processing enclosed elements
17:03:13.969 [Worker-22] INFO  o.a.AndroidAnnotationProcessor:251 - Number of files generated by AndroidAnnotations: 1
17:03:13.970 [Worker-22] INFO  o.a.g.ApiCodeGenerator:52 - Writting following API classes in project: []
17:03:13.971 [Worker-22] DEBUG o.a.g.SourceCodewriter:55 - Generating class: br.senai.sc.anuncios.app.activity.login.LoginActivity_
17:03:13.985 [Worker-22] INFO  o.a.p.TimeStats:81 - Time measurements: [Whole Processing = 53 ms], [Generate Sources = 16 ms], [Extract Annotations = 9 ms], [Validate Annotations = 8 ms], [Find R Classes = 7 ms], [Process Annotations = 6 ms], [Extract Manifest = 4 ms], 
17:03:13.986 [Worker-22] INFO  o.a.AndroidAnnotationProcessor:123 - Finish processing
17:03:33.942 [Worker-18] INFO  o.a.AndroidAnnotationProcessor:85 - Initialize AndroidAnnotations 3.0.1 with options {phase=BUILD}
17:03:33.944 [Worker-18] INFO  o.a.AndroidAnnotationProcessor:109 - Start processing for 4 annotations on 1 elements
17:03:33.951 [Worker-18] DEBUG o.a.h.AndroidManifestFinder:137 - AndroidManifest.xml file found in parent folder D:\Programas\Desenvolvimento de Software\Desenvolvimento\Mobile\Android\workspace\AnunciosApp: D:\Programas\Desenvolvimento de Software\Desenvolvimento\Mobile\Android\workspace\AnunciosApp\AndroidManifest.xml
17:03:33.954 [Worker-18] INFO  o.a.AndroidAnnotationProcessor:172 - AndroidManifest.xml found: AndroidManifest [applicationPackage=br.senai.sc.anuncios.app, componentQualifiedNames=[br.senai.sc.anuncios.app.activity.home.HomeActivity_, br.senai.sc.anuncios.app.activity.login.LoginActivity_, br.senai.sc.anuncios.app.activity.menu.MenuActivity_, br.senai.sc.anuncios.app.activity.anuncio.NovoAnuncioActivity_], permissionQualifiedNames=[], applicationClassName=null, libraryProject=false, debugabble=false, minSdkVersion=14, maxSdkVersion=-1, targetSdkVersion=19]
17:03:33.955 [Worker-18] INFO  o.a.r.ProjectRClassFinder:50 - Found project R class: br.senai.sc.anuncios.app.R
17:03:33.958 [Worker-18] INFO  o.a.r.AndroidRClassFinder:44 - Found Android class: android.R
17:03:33.963 [Worker-18] INFO  o.a.p.ModelValidator:42 - Validating elements
17:03:33.964 [Worker-18] DEBUG o.a.p.ModelValidator:62 - Validating with EActivityHandler: [br.senai.sc.anuncios.app.activity.home.HomeActivity]
17:03:33.965 [Worker-18] DEBUG o.a.p.ModelValidator:62 - Validating with ViewByIdHandler: [listAnuncios]
17:03:33.967 [Worker-18] DEBUG o.a.p.ModelValidator:62 - Validating with ClickHandler: [public void irParaOMenu() ]
17:03:33.969 [Worker-18] DEBUG o.a.p.ModelValidator:62 - Validating with AfterViewsHandler: [void iniciarListAdapter() ]
17:03:33.970 [Worker-18] INFO  o.a.p.ModelProcessor:73 - Processing root elements
17:03:33.971 [Worker-18] DEBUG o.a.p.ModelProcessor:80 - Processing root elements EActivityHandler: [br.senai.sc.anuncios.app.activity.home.HomeActivity]
17:03:33.973 [Worker-18] INFO  o.a.p.ModelProcessor:104 - Processing enclosed elements
17:03:33.974 [Worker-18] INFO  o.a.AndroidAnnotationProcessor:251 - Number of files generated by AndroidAnnotations: 1
17:03:33.975 [Worker-18] INFO  o.a.g.ApiCodeGenerator:52 - Writting following API classes in project: []
17:03:33.976 [Worker-18] DEBUG o.a.g.SourceCodewriter:55 - Generating class: br.senai.sc.anuncios.app.activity.home.HomeActivity_
17:03:33.984 [Worker-18] INFO  o.a.p.TimeStats:81 - Time measurements: [Whole Processing = 40 ms], [Generate Sources = 10 ms], [Find R Classes = 8 ms], [Validate Annotations = 7 ms], [Extract Annotations = 6 ms], [Process Annotations = 4 ms], [Extract Manifest = 3 ms], 
17:03:33.985 [Worker-18] INFO  o.a.AndroidAnnotationProcessor:123 - Finish processing
17:04:22.320 [Worker-20] INFO  o.a.AndroidAnnotationProcessor:85 - Initialize AndroidAnnotations 3.0.1 with options {phase=BUILD}
17:04:22.376 [Worker-20] INFO  o.a.AndroidAnnotationProcessor:109 - Start processing for 5 annotations on 8 elements
17:04:22.385 [Worker-20] DEBUG o.a.h.AndroidManifestFinder:137 - AndroidManifest.xml file found in parent folder D:\Programas\Desenvolvimento de Software\Desenvolvimento\Mobile\Android\workspace\AnunciosApp: D:\Programas\Desenvolvimento de Software\Desenvolvimento\Mobile\Android\workspace\AnunciosApp\AndroidManifest.xml
17:04:22.388 [Worker-20] INFO  o.a.AndroidAnnotationProcessor:172 - AndroidManifest.xml found: AndroidManifest [applicationPackage=br.senai.sc.anuncios.app, componentQualifiedNames=[br.senai.sc.anuncios.app.activity.home.HomeActivity_, br.senai.sc.anuncios.app.activity.login.LoginActivity_, br.senai.sc.anuncios.app.activity.menu.MenuActivity_, br.senai.sc.anuncios.app.activity.anuncio.NovoAnuncioActivity_], permissionQualifiedNames=[], applicationClassName=null, libraryProject=false, debugabble=false, minSdkVersion=14, maxSdkVersion=-1, targetSdkVersion=19]
17:04:22.389 [Worker-20] INFO  o.a.r.ProjectRClassFinder:50 - Found project R class: br.senai.sc.anuncios.app.R
17:04:22.393 [Worker-20] INFO  o.a.r.AndroidRClassFinder:44 - Found Android class: android.R
17:04:22.398 [Worker-20] INFO  o.a.p.ModelValidator:42 - Validating elements
17:04:22.400 [Worker-20] DEBUG o.a.p.ModelValidator:62 - Validating with EActivityHandler: [br.senai.sc.anuncios.app.activity.login.LoginActivity, br.senai.sc.anuncios.app.activity.menu.MenuActivity, br.senai.sc.anuncios.app.activity.home.HomeActivity]
17:04:22.401 [Worker-20] DEBUG o.a.p.ModelValidator:62 - Validating with ViewByIdHandler: [senhaEditText, listAnuncios, usuarioEditText]
17:04:22.403 [Worker-20] DEBUG o.a.p.ModelValidator:62 - Validating with ClickHandler: [public void irParaOMenu() ]
17:04:22.405 [Worker-20] DEBUG o.a.p.ModelValidator:62 - Validating with WindowFeatureHandler: [br.senai.sc.anuncios.app.activity.login.LoginActivity]
17:04:22.406 [Worker-20] DEBUG o.a.p.ModelValidator:62 - Validating with AfterViewsHandler: [void iniciarListAdapter() , public void verificarSeEhParaFinalizarApp() ]
17:04:22.407 [Worker-20] INFO  o.a.p.ModelProcessor:73 - Processing root elements
17:04:22.408 [Worker-20] DEBUG o.a.p.ModelProcessor:80 - Processing root elements EActivityHandler: [br.senai.sc.anuncios.app.activity.login.LoginActivity, br.senai.sc.anuncios.app.activity.menu.MenuActivity, br.senai.sc.anuncios.app.activity.home.HomeActivity]
17:04:22.411 [Worker-20] INFO  o.a.p.ModelProcessor:104 - Processing enclosed elements
17:04:22.412 [Worker-20] DEBUG o.a.p.ModelProcessor:116 - Processing enclosed elements with ViewByIdHandler: [org.androidannotations.model.AnnotationElements$AnnotatedAndRootElements@421c512f, org.androidannotations.model.AnnotationElements$AnnotatedAndRootElements@4200f5a8, org.androidannotations.model.AnnotationElements$AnnotatedAndRootElements@3c16562f]
17:04:22.413 [Worker-20] DEBUG o.a.p.ModelProcessor:116 - Processing enclosed elements with ClickHandler: [org.androidannotations.model.AnnotationElements$AnnotatedAndRootElements@3ac4462a]
17:04:22.415 [Worker-20] DEBUG o.a.p.ModelProcessor:116 - Processing enclosed elements with WindowFeatureHandler: [org.androidannotations.model.AnnotationElements$AnnotatedAndRootElements@c74d4f]
17:04:22.416 [Worker-20] DEBUG o.a.p.ModelProcessor:116 - Processing enclosed elements with AfterViewsHandler: [org.androidannotations.model.AnnotationElements$AnnotatedAndRootElements@1a83497e, org.androidannotations.model.AnnotationElements$AnnotatedAndRootElements@7ce0350f]
17:04:22.417 [Worker-20] INFO  o.a.AndroidAnnotationProcessor:251 - Number of files generated by AndroidAnnotations: 3
17:04:22.418 [Worker-20] INFO  o.a.g.ApiCodeGenerator:52 - Writting following API classes in project: []
17:04:22.419 [Worker-20] DEBUG o.a.g.SourceCodewriter:55 - Generating class: br.senai.sc.anuncios.app.activity.login.LoginActivity_
17:04:22.422 [Worker-20] DEBUG o.a.g.SourceCodewriter:55 - Generating class: br.senai.sc.anuncios.app.activity.home.HomeActivity_
17:04:22.425 [Worker-20] DEBUG o.a.g.SourceCodewriter:55 - Generating class: br.senai.sc.anuncios.app.activity.menu.MenuActivity_
17:04:22.427 [Worker-20] INFO  o.a.p.TimeStats:81 - Time measurements: [Whole Processing = 51 ms], [Process Annotations = 10 ms], [Generate Sources = 10 ms], [Find R Classes = 9 ms], [Validate Annotations = 9 ms], [Extract Annotations = 8 ms], [Extract Manifest = 3 ms], 
17:04:22.428 [Worker-20] INFO  o.a.AndroidAnnotationProcessor:123 - Finish processing
17:04:29.943 [Worker-13] INFO  o.a.AndroidAnnotationProcessor:85 - Initialize AndroidAnnotations 3.0.1 with options {phase=BUILD}
17:04:29.944 [Worker-13] INFO  o.a.AndroidAnnotationProcessor:109 - Start processing for 5 annotations on 1 elements
17:04:29.953 [Worker-13] DEBUG o.a.h.AndroidManifestFinder:137 - AndroidManifest.xml file found in parent folder D:\Programas\Desenvolvimento de Software\Desenvolvimento\Mobile\Android\workspace\AnunciosApp: D:\Programas\Desenvolvimento de Software\Desenvolvimento\Mobile\Android\workspace\AnunciosApp\AndroidManifest.xml
17:04:29.956 [Worker-13] INFO  o.a.AndroidAnnotationProcessor:172 - AndroidManifest.xml found: AndroidManifest [applicationPackage=br.senai.sc.anuncios.app, componentQualifiedNames=[br.senai.sc.anuncios.app.activity.home.HomeActivity_, br.senai.sc.anuncios.app.activity.login.LoginActivity_, br.senai.sc.anuncios.app.activity.menu.MenuActivity_, br.senai.sc.anuncios.app.activity.anuncio.NovoAnuncioActivity_], permissionQualifiedNames=[], applicationClassName=null, libraryProject=false, debugabble=false, minSdkVersion=14, maxSdkVersion=-1, targetSdkVersion=19]
17:04:29.957 [Worker-13] INFO  o.a.r.ProjectRClassFinder:50 - Found project R class: br.senai.sc.anuncios.app.R
17:04:29.960 [Worker-13] INFO  o.a.r.AndroidRClassFinder:44 - Found Android class: android.R
17:04:29.964 [Worker-13] INFO  o.a.p.ModelValidator:42 - Validating elements
17:04:29.965 [Worker-13] DEBUG o.a.p.ModelValidator:62 - Validating with EActivityHandler: [br.senai.sc.anuncios.app.activity.login.LoginActivity]
17:04:29.966 [Worker-13] DEBUG o.a.p.ModelValidator:62 - Validating with ViewByIdHandler: [usuarioEditText, senhaEditText]
17:04:29.969 [Worker-13] DEBUG o.a.p.ModelValidator:62 - Validating with ClickHandler: [public void autenticarUsuario() ]
17:04:29.970 [Worker-13] DEBUG o.a.p.ModelValidator:62 - Validating with WindowFeatureHandler: [br.senai.sc.anuncios.app.activity.login.LoginActivity]
17:04:29.971 [Worker-13] DEBUG o.a.p.ModelValidator:62 - Validating with AfterViewsHandler: [public void verificarSeEhParaFinalizarApp() ]
17:04:29.972 [Worker-13] INFO  o.a.p.ModelProcessor:73 - Processing root elements
17:04:29.973 [Worker-13] DEBUG o.a.p.ModelProcessor:80 - Processing root elements EActivityHandler: [br.senai.sc.anuncios.app.activity.login.LoginActivity]
17:04:29.975 [Worker-13] INFO  o.a.p.ModelProcessor:104 - Processing enclosed elements
17:04:29.977 [Worker-13] INFO  o.a.AndroidAnnotationProcessor:251 - Number of files generated by AndroidAnnotations: 1
17:04:29.978 [Worker-13] INFO  o.a.g.ApiCodeGenerator:52 - Writting following API classes in project: []
17:04:29.979 [Worker-13] DEBUG o.a.g.SourceCodewriter:55 - Generating class: br.senai.sc.anuncios.app.activity.login.LoginActivity_
17:04:29.988 [Worker-13] INFO  o.a.p.TimeStats:81 - Time measurements: [Whole Processing = 44 ms], [Generate Sources = 11 ms], [Validate Annotations = 8 ms], [Extract Annotations = 7 ms], [Find R Classes = 7 ms], [Process Annotations = 5 ms], [Extract Manifest = 4 ms], 
17:04:29.989 [Worker-13] INFO  o.a.AndroidAnnotationProcessor:123 - Finish processing
17:05:53.864 [Worker-20] INFO  o.a.AndroidAnnotationProcessor:85 - Initialize AndroidAnnotations 3.0.1 with options {phase=BUILD}
17:05:53.866 [Worker-20] INFO  o.a.AndroidAnnotationProcessor:109 - Start processing for 1 annotations on 1 elements
17:05:53.876 [Worker-20] DEBUG o.a.h.AndroidManifestFinder:137 - AndroidManifest.xml file found in parent folder D:\Programas\Desenvolvimento de Software\Desenvolvimento\Mobile\Android\workspace\AnunciosApp: D:\Programas\Desenvolvimento de Software\Desenvolvimento\Mobile\Android\workspace\AnunciosApp\AndroidManifest.xml
17:05:53.879 [Worker-20] INFO  o.a.AndroidAnnotationProcessor:172 - AndroidManifest.xml found: AndroidManifest [applicationPackage=br.senai.sc.anuncios.app, componentQualifiedNames=[br.senai.sc.anuncios.app.activity.home.HomeActivity_, br.senai.sc.anuncios.app.activity.login.LoginActivity_, br.senai.sc.anuncios.app.activity.menu.MenuActivity_, br.senai.sc.anuncios.app.activity.anuncio.NovoAnuncioActivity_], permissionQualifiedNames=[], applicationClassName=null, libraryProject=false, debugabble=false, minSdkVersion=14, maxSdkVersion=-1, targetSdkVersion=19]
17:05:53.880 [Worker-20] INFO  o.a.r.ProjectRClassFinder:50 - Found project R class: br.senai.sc.anuncios.app.R
17:05:53.884 [Worker-20] INFO  o.a.r.AndroidRClassFinder:44 - Found Android class: android.R
17:05:53.888 [Worker-20] INFO  o.a.p.ModelValidator:42 - Validating elements
17:05:53.889 [Worker-20] DEBUG o.a.p.ModelValidator:62 - Validating with EActivityHandler: [br.senai.sc.anuncios.app.activity.menu.MenuActivity]
17:05:53.891 [Worker-20] INFO  o.a.p.ModelProcessor:73 - Processing root elements
17:05:53.892 [Worker-20] DEBUG o.a.p.ModelProcessor:80 - Processing root elements EActivityHandler: [br.senai.sc.anuncios.app.activity.menu.MenuActivity]
17:05:53.895 [Worker-20] INFO  o.a.p.ModelProcessor:104 - Processing enclosed elements
17:05:53.896 [Worker-20] INFO  o.a.AndroidAnnotationProcessor:251 - Number of files generated by AndroidAnnotations: 1
17:05:53.897 [Worker-20] INFO  o.a.g.ApiCodeGenerator:52 - Writting following API classes in project: []
17:05:53.898 [Worker-20] DEBUG o.a.g.SourceCodewriter:55 - Generating class: br.senai.sc.anuncios.app.activity.menu.MenuActivity_
17:05:53.901 [Worker-20] INFO  o.a.p.TimeStats:81 - Time measurements: [Whole Processing = 35 ms], [Extract Annotations = 9 ms], [Find R Classes = 8 ms], [Process Annotations = 5 ms], [Generate Sources = 5 ms], [Extract Manifest = 3 ms], [Validate Annotations = 3 ms], 
17:05:53.903 [Worker-20] INFO  o.a.AndroidAnnotationProcessor:123 - Finish processing
17:06:31.936 [Worker-13] INFO  o.a.AndroidAnnotationProcessor:85 - Initialize AndroidAnnotations 3.0.1 with options {phase=BUILD}
17:06:31.938 [Worker-13] INFO  o.a.AndroidAnnotationProcessor:109 - Start processing for 5 annotations on 1 elements
17:06:31.946 [Worker-13] DEBUG o.a.h.AndroidManifestFinder:137 - AndroidManifest.xml file found in parent folder D:\Programas\Desenvolvimento de Software\Desenvolvimento\Mobile\Android\workspace\AnunciosApp: D:\Programas\Desenvolvimento de Software\Desenvolvimento\Mobile\Android\workspace\AnunciosApp\AndroidManifest.xml
17:06:31.949 [Worker-13] INFO  o.a.AndroidAnnotationProcessor:172 - AndroidManifest.xml found: AndroidManifest [applicationPackage=br.senai.sc.anuncios.app, componentQualifiedNames=[br.senai.sc.anuncios.app.activity.home.HomeActivity_, br.senai.sc.anuncios.app.activity.login.LoginActivity_, br.senai.sc.anuncios.app.activity.menu.MenuActivity_, br.senai.sc.anuncios.app.activity.anuncio.NovoAnuncioActivity_], permissionQualifiedNames=[], applicationClassName=null, libraryProject=false, debugabble=false, minSdkVersion=14, maxSdkVersion=-1, targetSdkVersion=19]
17:06:31.950 [Worker-13] INFO  o.a.r.ProjectRClassFinder:50 - Found project R class: br.senai.sc.anuncios.app.R
17:06:31.953 [Worker-13] INFO  o.a.r.AndroidRClassFinder:44 - Found Android class: android.R
17:06:31.957 [Worker-13] INFO  o.a.p.ModelValidator:42 - Validating elements
17:06:31.958 [Worker-13] DEBUG o.a.p.ModelValidator:62 - Validating with EActivityHandler: [br.senai.sc.anuncios.app.activity.home.HomeActivity]
17:06:31.959 [Worker-13] DEBUG o.a.p.ModelValidator:62 - Validating with ViewByIdHandler: [listAnuncios]
17:06:31.962 [Worker-13] DEBUG o.a.p.ModelValidator:62 - Validating with ClickHandler: [public void irParaOMenu() ]
17:06:31.963 [Worker-13] DEBUG o.a.p.ModelValidator:62 - Validating with WindowFeatureHandler: [br.senai.sc.anuncios.app.activity.home.HomeActivity]
17:06:31.964 [Worker-13] DEBUG o.a.p.ModelValidator:62 - Validating with AfterViewsHandler: [void iniciarListAdapter() ]
17:06:31.966 [Worker-13] INFO  o.a.p.ModelProcessor:73 - Processing root elements
17:06:31.967 [Worker-13] DEBUG o.a.p.ModelProcessor:80 - Processing root elements EActivityHandler: [br.senai.sc.anuncios.app.activity.home.HomeActivity]
17:06:31.970 [Worker-13] INFO  o.a.p.ModelProcessor:104 - Processing enclosed elements
17:06:31.972 [Worker-13] INFO  o.a.AndroidAnnotationProcessor:251 - Number of files generated by AndroidAnnotations: 1
17:06:31.973 [Worker-13] INFO  o.a.g.ApiCodeGenerator:52 - Writting following API classes in project: []
17:06:31.974 [Worker-13] DEBUG o.a.g.SourceCodewriter:55 - Generating class: br.senai.sc.anuncios.app.activity.home.HomeActivity_
17:06:31.985 [Worker-13] INFO  o.a.p.TimeStats:81 - Time measurements: [Whole Processing = 47 ms], [Generate Sources = 14 ms], [Validate Annotations = 9 ms], [Extract Annotations = 7 ms], [Find R Classes = 6 ms], [Process Annotations = 5 ms], [Extract Manifest = 3 ms], 
17:06:31.987 [Worker-13] INFO  o.a.AndroidAnnotationProcessor:123 - Finish processing
17:08:01.600 [Worker-23] INFO  o.a.AndroidAnnotationProcessor:85 - Initialize AndroidAnnotations 3.0.1 with options {phase=BUILD}
17:08:01.601 [Worker-23] INFO  o.a.AndroidAnnotationProcessor:109 - Start processing for 1 annotations on 1 elements
17:08:01.611 [Worker-23] DEBUG o.a.h.AndroidManifestFinder:137 - AndroidManifest.xml file found in parent folder D:\Programas\Desenvolvimento de Software\Desenvolvimento\Mobile\Android\workspace\AnunciosApp: D:\Programas\Desenvolvimento de Software\Desenvolvimento\Mobile\Android\workspace\AnunciosApp\AndroidManifest.xml
17:08:01.614 [Worker-23] INFO  o.a.AndroidAnnotationProcessor:172 - AndroidManifest.xml found: AndroidManifest [applicationPackage=br.senai.sc.anuncios.app, componentQualifiedNames=[br.senai.sc.anuncios.app.activity.home.HomeActivity_, br.senai.sc.anuncios.app.activity.login.LoginActivity_, br.senai.sc.anuncios.app.activity.menu.MenuActivity_, br.senai.sc.anuncios.app.activity.anuncio.NovoAnuncioActivity_], permissionQualifiedNames=[], applicationClassName=null, libraryProject=false, debugabble=false, minSdkVersion=14, maxSdkVersion=-1, targetSdkVersion=19]
17:08:01.615 [Worker-23] INFO  o.a.r.ProjectRClassFinder:50 - Found project R class: br.senai.sc.anuncios.app.R
17:08:01.618 [Worker-23] INFO  o.a.r.AndroidRClassFinder:44 - Found Android class: android.R
17:08:01.622 [Worker-23] INFO  o.a.p.ModelValidator:42 - Validating elements
17:08:01.623 [Worker-23] DEBUG o.a.p.ModelValidator:62 - Validating with EActivityHandler: [br.senai.sc.anuncios.app.activity.anuncio.NovoAnuncioActivity]
17:08:01.624 [Worker-23] INFO  o.a.p.ModelProcessor:73 - Processing root elements
17:08:01.625 [Worker-23] DEBUG o.a.p.ModelProcessor:80 - Processing root elements EActivityHandler: [br.senai.sc.anuncios.app.activity.anuncio.NovoAnuncioActivity]
17:08:01.651 [Worker-23] INFO  o.a.p.ModelProcessor:104 - Processing enclosed elements
17:08:01.652 [Worker-23] INFO  o.a.AndroidAnnotationProcessor:251 - Number of files generated by AndroidAnnotations: 1
17:08:01.653 [Worker-23] INFO  o.a.g.ApiCodeGenerator:52 - Writting following API classes in project: []
17:08:01.654 [Worker-23] DEBUG o.a.g.SourceCodewriter:55 - Generating class: br.senai.sc.anuncios.app.activity.anuncio.NovoAnuncioActivity_
17:08:01.659 [Worker-23] INFO  o.a.p.TimeStats:81 - Time measurements: [Whole Processing = 58 ms], [Process Annotations = 28 ms], [Extract Annotations = 9 ms], [Find R Classes = 7 ms], [Generate Sources = 7 ms], [Extract Manifest = 3 ms], [Validate Annotations = 2 ms], 
17:08:01.660 [Worker-23] INFO  o.a.AndroidAnnotationProcessor:123 - Finish processing
17:08:16.550 [Worker-13] INFO  o.a.AndroidAnnotationProcessor:85 - Initialize AndroidAnnotations 3.0.1 with options {phase=BUILD}
17:08:16.552 [Worker-13] INFO  o.a.AndroidAnnotationProcessor:109 - Start processing for 3 annotations on 1 elements
17:08:16.560 [Worker-13] DEBUG o.a.h.AndroidManifestFinder:137 - AndroidManifest.xml file found in parent folder D:\Programas\Desenvolvimento de Software\Desenvolvimento\Mobile\Android\workspace\AnunciosApp: D:\Programas\Desenvolvimento de Software\Desenvolvimento\Mobile\Android\workspace\AnunciosApp\AndroidManifest.xml
17:08:16.562 [Worker-13] INFO  o.a.AndroidAnnotationProcessor:172 - AndroidManifest.xml found: AndroidManifest [applicationPackage=br.senai.sc.anuncios.app, componentQualifiedNames=[br.senai.sc.anuncios.app.activity.home.HomeActivity_, br.senai.sc.anuncios.app.activity.login.LoginActivity_, br.senai.sc.anuncios.app.activity.menu.MenuActivity_, br.senai.sc.anuncios.app.activity.anuncio.NovoAnuncioActivity_], permissionQualifiedNames=[], applicationClassName=null, libraryProject=false, debugabble=false, minSdkVersion=14, maxSdkVersion=-1, targetSdkVersion=19]
17:08:16.563 [Worker-13] INFO  o.a.r.ProjectRClassFinder:50 - Found project R class: br.senai.sc.anuncios.app.R
17:08:16.566 [Worker-13] INFO  o.a.r.AndroidRClassFinder:44 - Found Android class: android.R
17:08:16.570 [Worker-13] INFO  o.a.p.ModelValidator:42 - Validating elements
17:08:16.571 [Worker-13] DEBUG o.a.p.ModelValidator:62 - Validating with EActivityHandler: [br.senai.sc.anuncios.app.activity.menu.MenuActivity]
17:08:16.572 [Worker-13] DEBUG o.a.p.ModelValidator:62 - Validating with ViewByIdHandler: [listOpcoesMenu]
17:08:16.574 [Worker-13] ERROR o.a.h.AnnotationHelper:110 - @org.androidannotations.annotations.ViewById cannot be used on a private element
17:08:16.575 [Worker-13] WARN  o.a.p.ModelValidator:69 - Element ViewByIdHandler unvalidated by 
17:08:16.575 [Worker-13] DEBUG o.a.p.ModelValidator:62 - Validating with WindowFeatureHandler: [br.senai.sc.anuncios.app.activity.menu.MenuActivity]
17:08:16.576 [Worker-13] INFO  o.a.p.ModelProcessor:73 - Processing root elements
17:08:16.577 [Worker-13] DEBUG o.a.p.ModelProcessor:80 - Processing root elements EActivityHandler: [br.senai.sc.anuncios.app.activity.menu.MenuActivity]
17:08:16.579 [Worker-13] INFO  o.a.p.ModelProcessor:104 - Processing enclosed elements
17:08:16.580 [Worker-13] INFO  o.a.AndroidAnnotationProcessor:251 - Number of files generated by AndroidAnnotations: 1
17:08:16.581 [Worker-13] INFO  o.a.g.ApiCodeGenerator:52 - Writting following API classes in project: []
17:08:16.582 [Worker-13] DEBUG o.a.g.SourceCodewriter:55 - Generating class: br.senai.sc.anuncios.app.activity.menu.MenuActivity_
17:08:16.590 [Worker-13] INFO  o.a.p.TimeStats:81 - Time measurements: [Whole Processing = 38 ms], [Generate Sources = 10 ms], [Find R Classes = 7 ms], [Extract Annotations = 6 ms], [Validate Annotations = 6 ms], [Process Annotations = 4 ms], [Extract Manifest = 3 ms], 
17:08:16.592 [Worker-13] INFO  o.a.AndroidAnnotationProcessor:123 - Finish processing
17:08:38.150 [Worker-20] INFO  o.a.AndroidAnnotationProcessor:85 - Initialize AndroidAnnotations 3.0.1 with options {phase=BUILD}
17:08:38.152 [Worker-20] INFO  o.a.AndroidAnnotationProcessor:109 - Start processing for 3 annotations on 3 elements
17:08:38.170 [Worker-20] DEBUG o.a.h.AndroidManifestFinder:137 - AndroidManifest.xml file found in parent folder D:\Programas\Desenvolvimento de Software\Desenvolvimento\Mobile\Android\workspace\AnunciosApp: D:\Programas\Desenvolvimento de Software\Desenvolvimento\Mobile\Android\workspace\AnunciosApp\AndroidManifest.xml
17:08:38.172 [Worker-20] INFO  o.a.AndroidAnnotationProcessor:172 - AndroidManifest.xml found: AndroidManifest [applicationPackage=br.senai.sc.anuncios.app, componentQualifiedNames=[br.senai.sc.anuncios.app.activity.home.HomeActivity_, br.senai.sc.anuncios.app.activity.login.LoginActivity_, br.senai.sc.anuncios.app.activity.menu.MenuActivity_, br.senai.sc.anuncios.app.activity.anuncio.NovoAnuncioActivity_], permissionQualifiedNames=[], applicationClassName=null, libraryProject=false, debugabble=false, minSdkVersion=14, maxSdkVersion=-1, targetSdkVersion=19]
17:08:38.173 [Worker-20] INFO  o.a.r.ProjectRClassFinder:50 - Found project R class: br.senai.sc.anuncios.app.R
17:08:38.177 [Worker-20] INFO  o.a.r.AndroidRClassFinder:44 - Found Android class: android.R
17:08:38.180 [Worker-20] INFO  o.a.p.ModelValidator:42 - Validating elements
17:08:38.181 [Worker-20] DEBUG o.a.p.ModelValidator:62 - Validating with EActivityHandler: [br.senai.sc.anuncios.app.activity.menu.MenuActivity]
17:08:38.182 [Worker-20] DEBUG o.a.p.ModelValidator:62 - Validating with ViewByIdHandler: [listOpcoesMenu]
17:08:38.184 [Worker-20] ERROR o.a.h.AnnotationHelper:110 - @org.androidannotations.annotations.ViewById cannot be used on a private element
17:08:38.185 [Worker-20] WARN  o.a.p.ModelValidator:69 - Element ViewByIdHandler unvalidated by 
17:08:38.185 [Worker-20] DEBUG o.a.p.ModelValidator:62 - Validating with WindowFeatureHandler: [br.senai.sc.anuncios.app.activity.menu.MenuActivity]
17:08:38.186 [Worker-20] INFO  o.a.p.ModelProcessor:73 - Processing root elements
17:08:38.187 [Worker-20] DEBUG o.a.p.ModelProcessor:80 - Processing root elements EActivityHandler: [br.senai.sc.anuncios.app.activity.menu.MenuActivity]
17:08:38.189 [Worker-20] INFO  o.a.p.ModelProcessor:104 - Processing enclosed elements
17:08:38.190 [Worker-20] INFO  o.a.AndroidAnnotationProcessor:251 - Number of files generated by AndroidAnnotations: 1
17:08:38.191 [Worker-20] INFO  o.a.g.ApiCodeGenerator:52 - Writting following API classes in project: []
17:08:38.192 [Worker-20] DEBUG o.a.g.SourceCodewriter:55 - Generating class: br.senai.sc.anuncios.app.activity.menu.MenuActivity_
17:08:38.194 [Worker-20] INFO  o.a.p.TimeStats:81 - Time measurements: [Whole Processing = 42 ms], [Extract Annotations = 17 ms], [Find R Classes = 7 ms], [Validate Annotations = 6 ms], [Process Annotations = 4 ms], [Generate Sources = 4 ms], [Extract Manifest = 2 ms], 
17:08:38.195 [Worker-20] INFO  o.a.AndroidAnnotationProcessor:123 - Finish processing
17:08:52.28 [Worker-23] INFO  o.a.AndroidAnnotationProcessor:85 - Initialize AndroidAnnotations 3.0.1 with options {phase=BUILD}
17:08:52.30 [Worker-23] INFO  o.a.AndroidAnnotationProcessor:109 - Start processing for 3 annotations on 3 elements
17:08:52.38 [Worker-23] DEBUG o.a.h.AndroidManifestFinder:137 - AndroidManifest.xml file found in parent folder D:\Programas\Desenvolvimento de Software\Desenvolvimento\Mobile\Android\workspace\AnunciosApp: D:\Programas\Desenvolvimento de Software\Desenvolvimento\Mobile\Android\workspace\AnunciosApp\AndroidManifest.xml
17:08:52.40 [Worker-23] INFO  o.a.AndroidAnnotationProcessor:172 - AndroidManifest.xml found: AndroidManifest [applicationPackage=br.senai.sc.anuncios.app, componentQualifiedNames=[br.senai.sc.anuncios.app.activity.home.HomeActivity_, br.senai.sc.anuncios.app.activity.login.LoginActivity_, br.senai.sc.anuncios.app.activity.menu.MenuActivity_, br.senai.sc.anuncios.app.activity.anuncio.NovoAnuncioActivity_], permissionQualifiedNames=[], applicationClassName=null, libraryProject=false, debugabble=false, minSdkVersion=14, maxSdkVersion=-1, targetSdkVersion=19]
17:08:52.41 [Worker-23] INFO  o.a.r.ProjectRClassFinder:50 - Found project R class: br.senai.sc.anuncios.app.R
17:08:52.44 [Worker-23] INFO  o.a.r.AndroidRClassFinder:44 - Found Android class: android.R
17:08:52.49 [Worker-23] INFO  o.a.p.ModelValidator:42 - Validating elements
17:08:52.50 [Worker-23] DEBUG o.a.p.ModelValidator:62 - Validating with EActivityHandler: [br.senai.sc.anuncios.app.activity.menu.MenuActivity]
17:08:52.51 [Worker-23] DEBUG o.a.p.ModelValidator:62 - Validating with ViewByIdHandler: [listOpcoesMenu]
17:08:52.53 [Worker-23] ERROR o.a.h.AnnotationHelper:110 - @org.androidannotations.annotations.ViewById cannot be used on a private element
17:08:52.53 [Worker-23] WARN  o.a.p.ModelValidator:69 - Element ViewByIdHandler unvalidated by 
17:08:52.53 [Worker-23] DEBUG o.a.p.ModelValidator:62 - Validating with WindowFeatureHandler: [br.senai.sc.anuncios.app.activity.menu.MenuActivity]
17:08:52.54 [Worker-23] INFO  o.a.p.ModelProcessor:73 - Processing root elements
17:08:52.55 [Worker-23] DEBUG o.a.p.ModelProcessor:80 - Processing root elements EActivityHandler: [br.senai.sc.anuncios.app.activity.menu.MenuActivity]
17:08:52.57 [Worker-23] INFO  o.a.p.ModelProcessor:104 - Processing enclosed elements
17:08:52.58 [Worker-23] INFO  o.a.AndroidAnnotationProcessor:251 - Number of files generated by AndroidAnnotations: 1
17:08:52.59 [Worker-23] INFO  o.a.g.ApiCodeGenerator:52 - Writting following API classes in project: []
17:08:52.60 [Worker-23] DEBUG o.a.g.SourceCodewriter:55 - Generating class: br.senai.sc.anuncios.app.activity.menu.MenuActivity_
17:08:52.62 [Worker-23] INFO  o.a.p.TimeStats:81 - Time measurements: [Whole Processing = 32 ms], [Find R Classes = 8 ms], [Extract Annotations = 6 ms], [Validate Annotations = 5 ms], [Process Annotations = 4 ms], [Generate Sources = 4 ms], [Extract Manifest = 3 ms], 
17:08:52.63 [Worker-23] INFO  o.a.AndroidAnnotationProcessor:123 - Finish processing
17:09:06.267 [Worker-24] INFO  o.a.AndroidAnnotationProcessor:85 - Initialize AndroidAnnotations 3.0.1 with options {phase=BUILD}
17:09:06.269 [Worker-24] INFO  o.a.AndroidAnnotationProcessor:109 - Start processing for 3 annotations on 3 elements
17:09:06.278 [Worker-24] DEBUG o.a.h.AndroidManifestFinder:137 - AndroidManifest.xml file found in parent folder D:\Programas\Desenvolvimento de Software\Desenvolvimento\Mobile\Android\workspace\AnunciosApp: D:\Programas\Desenvolvimento de Software\Desenvolvimento\Mobile\Android\workspace\AnunciosApp\AndroidManifest.xml
17:09:06.280 [Worker-24] INFO  o.a.AndroidAnnotationProcessor:172 - AndroidManifest.xml found: AndroidManifest [applicationPackage=br.senai.sc.anuncios.app, componentQualifiedNames=[br.senai.sc.anuncios.app.activity.home.HomeActivity_, br.senai.sc.anuncios.app.activity.login.LoginActivity_, br.senai.sc.anuncios.app.activity.menu.MenuActivity_, br.senai.sc.anuncios.app.activity.anuncio.NovoAnuncioActivity_], permissionQualifiedNames=[], applicationClassName=null, libraryProject=false, debugabble=false, minSdkVersion=14, maxSdkVersion=-1, targetSdkVersion=19]
17:09:06.281 [Worker-24] INFO  o.a.r.ProjectRClassFinder:50 - Found project R class: br.senai.sc.anuncios.app.R
17:09:06.284 [Worker-24] INFO  o.a.r.AndroidRClassFinder:44 - Found Android class: android.R
17:09:06.287 [Worker-24] INFO  o.a.p.ModelValidator:42 - Validating elements
17:09:06.288 [Worker-24] DEBUG o.a.p.ModelValidator:62 - Validating with EActivityHandler: [br.senai.sc.anuncios.app.activity.menu.MenuActivity]
17:09:06.289 [Worker-24] DEBUG o.a.p.ModelValidator:62 - Validating with ViewByIdHandler: [listOpcoesMenu]
17:09:06.291 [Worker-24] DEBUG o.a.p.ModelValidator:62 - Validating with WindowFeatureHandler: [br.senai.sc.anuncios.app.activity.menu.MenuActivity]
17:09:06.292 [Worker-24] INFO  o.a.p.ModelProcessor:73 - Processing root elements
17:09:06.293 [Worker-24] DEBUG o.a.p.ModelProcessor:80 - Processing root elements EActivityHandler: [br.senai.sc.anuncios.app.activity.menu.MenuActivity]
17:09:06.295 [Worker-24] INFO  o.a.p.ModelProcessor:104 - Processing enclosed elements
17:09:06.297 [Worker-24] INFO  o.a.AndroidAnnotationProcessor:251 - Number of files generated by AndroidAnnotations: 1
17:09:06.298 [Worker-24] INFO  o.a.g.ApiCodeGenerator:52 - Writting following API classes in project: []
17:09:06.298 [Worker-24] DEBUG o.a.g.SourceCodewriter:55 - Generating class: br.senai.sc.anuncios.app.activity.menu.MenuActivity_
17:09:06.306 [Worker-24] INFO  o.a.p.TimeStats:81 - Time measurements: [Whole Processing = 37 ms], [Generate Sources = 9 ms], [Extract Annotations = 7 ms], [Find R Classes = 6 ms], [Validate Annotations = 5 ms], [Process Annotations = 5 ms], [Extract Manifest = 3 ms], 
17:09:06.307 [Worker-24] INFO  o.a.AndroidAnnotationProcessor:123 - Finish processing
17:09:10.681 [Worker-20] INFO  o.a.AndroidAnnotationProcessor:85 - Initialize AndroidAnnotations 3.0.1 with options {phase=BUILD}
17:09:10.683 [Worker-20] INFO  o.a.AndroidAnnotationProcessor:109 - Start processing for 3 annotations on 1 elements
17:09:10.693 [Worker-20] DEBUG o.a.h.AndroidManifestFinder:137 - AndroidManifest.xml file found in parent folder D:\Programas\Desenvolvimento de Software\Desenvolvimento\Mobile\Android\workspace\AnunciosApp: D:\Programas\Desenvolvimento de Software\Desenvolvimento\Mobile\Android\workspace\AnunciosApp\AndroidManifest.xml
17:09:10.696 [Worker-20] INFO  o.a.AndroidAnnotationProcessor:172 - AndroidManifest.xml found: AndroidManifest [applicationPackage=br.senai.sc.anuncios.app, componentQualifiedNames=[br.senai.sc.anuncios.app.activity.home.HomeActivity_, br.senai.sc.anuncios.app.activity.login.LoginActivity_, br.senai.sc.anuncios.app.activity.menu.MenuActivity_, br.senai.sc.anuncios.app.activity.anuncio.NovoAnuncioActivity_], permissionQualifiedNames=[], applicationClassName=null, libraryProject=false, debugabble=false, minSdkVersion=14, maxSdkVersion=-1, targetSdkVersion=19]
17:09:10.697 [Worker-20] INFO  o.a.r.ProjectRClassFinder:50 - Found project R class: br.senai.sc.anuncios.app.R
17:09:10.701 [Worker-20] INFO  o.a.r.AndroidRClassFinder:44 - Found Android class: android.R
17:09:10.706 [Worker-20] INFO  o.a.p.ModelValidator:42 - Validating elements
17:09:10.707 [Worker-20] DEBUG o.a.p.ModelValidator:62 - Validating with EActivityHandler: [br.senai.sc.anuncios.app.activity.menu.MenuActivity]
17:09:10.709 [Worker-20] DEBUG o.a.p.ModelValidator:62 - Validating with ViewByIdHandler: [listOpcoesMenu]
17:09:10.711 [Worker-20] DEBUG o.a.p.ModelValidator:62 - Validating with WindowFeatureHandler: [br.senai.sc.anuncios.app.activity.menu.MenuActivity]
17:09:10.712 [Worker-20] INFO  o.a.p.ModelProcessor:73 - Processing root elements
17:09:10.713 [Worker-20] DEBUG o.a.p.ModelProcessor:80 - Processing root elements EActivityHandler: [br.senai.sc.anuncios.app.activity.menu.MenuActivity]
17:09:10.715 [Worker-20] INFO  o.a.p.ModelProcessor:104 - Processing enclosed elements
17:09:10.716 [Worker-20] INFO  o.a.AndroidAnnotationProcessor:251 - Number of files generated by AndroidAnnotations: 1
17:09:10.717 [Worker-20] INFO  o.a.g.ApiCodeGenerator:52 - Writting following API classes in project: []
17:09:10.718 [Worker-20] DEBUG o.a.g.SourceCodewriter:55 - Generating class: br.senai.sc.anuncios.app.activity.menu.MenuActivity_
17:09:10.720 [Worker-20] INFO  o.a.p.TimeStats:81 - Time measurements: [Whole Processing = 37 ms], [Extract Annotations = 9 ms], [Find R Classes = 9 ms], [Validate Annotations = 6 ms], [Process Annotations = 4 ms], [Generate Sources = 4 ms], [Extract Manifest = 3 ms], 
17:09:10.721 [Worker-20] INFO  o.a.AndroidAnnotationProcessor:123 - Finish processing
17:16:10.542 [Worker-26] INFO  o.a.AndroidAnnotationProcessor:85 - Initialize AndroidAnnotations 3.0.1 with options {phase=BUILD}
17:16:10.544 [Worker-26] INFO  o.a.AndroidAnnotationProcessor:109 - Start processing for 3 annotations on 1 elements
17:16:10.554 [Worker-26] DEBUG o.a.h.AndroidManifestFinder:137 - AndroidManifest.xml file found in parent folder D:\Programas\Desenvolvimento de Software\Desenvolvimento\Mobile\Android\workspace\AnunciosApp: D:\Programas\Desenvolvimento de Software\Desenvolvimento\Mobile\Android\workspace\AnunciosApp\AndroidManifest.xml
17:16:10.557 [Worker-26] INFO  o.a.AndroidAnnotationProcessor:172 - AndroidManifest.xml found: AndroidManifest [applicationPackage=br.senai.sc.anuncios.app, componentQualifiedNames=[br.senai.sc.anuncios.app.activity.home.HomeActivity_, br.senai.sc.anuncios.app.activity.login.LoginActivity_, br.senai.sc.anuncios.app.activity.menu.MenuActivity_, br.senai.sc.anuncios.app.activity.anuncio.NovoAnuncioActivity_], permissionQualifiedNames=[], applicationClassName=null, libraryProject=false, debugabble=false, minSdkVersion=14, maxSdkVersion=-1, targetSdkVersion=19]
17:16:10.558 [Worker-26] INFO  o.a.r.ProjectRClassFinder:50 - Found project R class: br.senai.sc.anuncios.app.R
17:16:10.564 [Worker-26] INFO  o.a.r.AndroidRClassFinder:44 - Found Android class: android.R
17:16:10.569 [Worker-26] INFO  o.a.p.ModelValidator:42 - Validating elements
17:16:10.570 [Worker-26] DEBUG o.a.p.ModelValidator:62 - Validating with EActivityHandler: [br.senai.sc.anuncios.app.activity.menu.MenuActivity]
17:16:10.571 [Worker-26] DEBUG o.a.p.ModelValidator:62 - Validating with ViewByIdHandler: [listOpcoesMenu]
17:16:10.574 [Worker-26] DEBUG o.a.p.ModelValidator:62 - Validating with WindowFeatureHandler: [br.senai.sc.anuncios.app.activity.menu.MenuActivity]
17:16:10.575 [Worker-26] INFO  o.a.p.ModelProcessor:73 - Processing root elements
17:16:10.576 [Worker-26] DEBUG o.a.p.ModelProcessor:80 - Processing root elements EActivityHandler: [br.senai.sc.anuncios.app.activity.menu.MenuActivity]
17:16:10.580 [Worker-26] INFO  o.a.p.ModelProcessor:104 - Processing enclosed elements
17:16:10.582 [Worker-26] INFO  o.a.AndroidAnnotationProcessor:251 - Number of files generated by AndroidAnnotations: 1
17:16:10.583 [Worker-26] INFO  o.a.g.ApiCodeGenerator:52 - Writting following API classes in project: []
17:16:10.584 [Worker-26] DEBUG o.a.g.SourceCodewriter:55 - Generating class: br.senai.sc.anuncios.app.activity.menu.MenuActivity_
17:16:10.588 [Worker-26] INFO  o.a.p.TimeStats:81 - Time measurements: [Whole Processing = 44 ms], [Find R Classes = 11 ms], [Extract Annotations = 8 ms], [Process Annotations = 7 ms], [Validate Annotations = 6 ms], [Generate Sources = 6 ms], [Extract Manifest = 4 ms], 
17:16:10.589 [Worker-26] INFO  o.a.AndroidAnnotationProcessor:123 - Finish processing
17:17:15.482 [Worker-27] INFO  o.a.AndroidAnnotationProcessor:85 - Initialize AndroidAnnotations 3.0.1 with options {phase=BUILD}
17:17:15.484 [Worker-27] INFO  o.a.AndroidAnnotationProcessor:109 - Start processing for 4 annotations on 1 elements
17:17:15.491 [Worker-27] DEBUG o.a.h.AndroidManifestFinder:137 - AndroidManifest.xml file found in parent folder D:\Programas\Desenvolvimento de Software\Desenvolvimento\Mobile\Android\workspace\AnunciosApp: D:\Programas\Desenvolvimento de Software\Desenvolvimento\Mobile\Android\workspace\AnunciosApp\AndroidManifest.xml
17:17:15.494 [Worker-27] INFO  o.a.AndroidAnnotationProcessor:172 - AndroidManifest.xml found: AndroidManifest [applicationPackage=br.senai.sc.anuncios.app, componentQualifiedNames=[br.senai.sc.anuncios.app.activity.home.HomeActivity_, br.senai.sc.anuncios.app.activity.login.LoginActivity_, br.senai.sc.anuncios.app.activity.menu.MenuActivity_, br.senai.sc.anuncios.app.activity.anuncio.NovoAnuncioActivity_], permissionQualifiedNames=[], applicationClassName=null, libraryProject=false, debugabble=false, minSdkVersion=14, maxSdkVersion=-1, targetSdkVersion=19]
17:17:15.495 [Worker-27] INFO  o.a.r.ProjectRClassFinder:50 - Found project R class: br.senai.sc.anuncios.app.R
17:17:15.498 [Worker-27] INFO  o.a.r.AndroidRClassFinder:44 - Found Android class: android.R
17:17:15.501 [Worker-27] INFO  o.a.p.ModelValidator:42 - Validating elements
17:17:15.503 [Worker-27] DEBUG o.a.p.ModelValidator:62 - Validating with EActivityHandler: [br.senai.sc.anuncios.app.activity.menu.MenuActivity]
17:17:15.504 [Worker-27] DEBUG o.a.p.ModelValidator:62 - Validating with ViewByIdHandler: [listOpcoesMenu]
17:17:15.506 [Worker-27] DEBUG o.a.p.ModelValidator:62 - Validating with WindowFeatureHandler: [br.senai.sc.anuncios.app.activity.menu.MenuActivity]
17:17:15.507 [Worker-27] DEBUG o.a.p.ModelValidator:62 - Validating with AfterViewsHandler: [public void registrarListenerItem() ]
17:17:15.508 [Worker-27] INFO  o.a.p.ModelProcessor:73 - Processing root elements
17:17:15.509 [Worker-27] DEBUG o.a.p.ModelProcessor:80 - Processing root elements EActivityHandler: [br.senai.sc.anuncios.app.activity.menu.MenuActivity]
17:17:15.511 [Worker-27] INFO  o.a.p.ModelProcessor:104 - Processing enclosed elements
17:17:15.512 [Worker-27] INFO  o.a.AndroidAnnotationProcessor:251 - Number of files generated by AndroidAnnotations: 1
17:17:15.514 [Worker-27] INFO  o.a.g.ApiCodeGenerator:52 - Writting following API classes in project: []
17:17:15.515 [Worker-27] DEBUG o.a.g.SourceCodewriter:55 - Generating class: br.senai.sc.anuncios.app.activity.menu.MenuActivity_
17:17:15.524 [Worker-27] INFO  o.a.p.TimeStats:81 - Time measurements: [Whole Processing = 40 ms], [Generate Sources = 12 ms], [Validate Annotations = 7 ms], [Extract Annotations = 6 ms], [Find R Classes = 6 ms], [Process Annotations = 4 ms], [Extract Manifest = 3 ms], 
17:17:15.525 [Worker-27] INFO  o.a.AndroidAnnotationProcessor:123 - Finish processing
17:17:27.254 [Worker-28] INFO  o.a.AndroidAnnotationProcessor:85 - Initialize AndroidAnnotations 3.0.1 with options {phase=BUILD}
17:17:27.256 [Worker-28] INFO  o.a.AndroidAnnotationProcessor:109 - Start processing for 4 annotations on 1 elements
17:17:27.264 [Worker-28] DEBUG o.a.h.AndroidManifestFinder:137 - AndroidManifest.xml file found in parent folder D:\Programas\Desenvolvimento de Software\Desenvolvimento\Mobile\Android\workspace\AnunciosApp: D:\Programas\Desenvolvimento de Software\Desenvolvimento\Mobile\Android\workspace\AnunciosApp\AndroidManifest.xml
17:17:27.266 [Worker-28] INFO  o.a.AndroidAnnotationProcessor:172 - AndroidManifest.xml found: AndroidManifest [applicationPackage=br.senai.sc.anuncios.app, componentQualifiedNames=[br.senai.sc.anuncios.app.activity.home.HomeActivity_, br.senai.sc.anuncios.app.activity.login.LoginActivity_, br.senai.sc.anuncios.app.activity.menu.MenuActivity_, br.senai.sc.anuncios.app.activity.anuncio.NovoAnuncioActivity_], permissionQualifiedNames=[], applicationClassName=null, libraryProject=false, debugabble=false, minSdkVersion=14, maxSdkVersion=-1, targetSdkVersion=19]
17:17:27.267 [Worker-28] INFO  o.a.r.ProjectRClassFinder:50 - Found project R class: br.senai.sc.anuncios.app.R
17:17:27.270 [Worker-28] INFO  o.a.r.AndroidRClassFinder:44 - Found Android class: android.R
17:17:27.274 [Worker-28] INFO  o.a.p.ModelValidator:42 - Validating elements
17:17:27.275 [Worker-28] DEBUG o.a.p.ModelValidator:62 - Validating with EActivityHandler: [br.senai.sc.anuncios.app.activity.menu.MenuActivity]
17:17:27.277 [Worker-28] DEBUG o.a.p.ModelValidator:62 - Validating with ViewByIdHandler: [listOpcoesMenu]
17:17:27.279 [Worker-28] DEBUG o.a.p.ModelValidator:62 - Validating with WindowFeatureHandler: [br.senai.sc.anuncios.app.activity.menu.MenuActivity]
17:17:27.280 [Worker-28] DEBUG o.a.p.ModelValidator:62 - Validating with AfterViewsHandler: [public void registrarListenerItem() ]
17:17:27.281 [Worker-28] INFO  o.a.p.ModelProcessor:73 - Processing root elements
17:17:27.282 [Worker-28] DEBUG o.a.p.ModelProcessor:80 - Processing root elements EActivityHandler: [br.senai.sc.anuncios.app.activity.menu.MenuActivity]
17:17:27.284 [Worker-28] INFO  o.a.p.ModelProcessor:104 - Processing enclosed elements
17:17:27.285 [Worker-28] INFO  o.a.AndroidAnnotationProcessor:251 - Number of files generated by AndroidAnnotations: 1
17:17:27.286 [Worker-28] INFO  o.a.g.ApiCodeGenerator:52 - Writting following API classes in project: []
17:17:27.288 [Worker-28] DEBUG o.a.g.SourceCodewriter:55 - Generating class: br.senai.sc.anuncios.app.activity.menu.MenuActivity_
17:17:27.290 [Worker-28] INFO  o.a.p.TimeStats:81 - Time measurements: [Whole Processing = 34 ms], [Find R Classes = 7 ms], [Validate Annotations = 7 ms], [Extract Annotations = 6 ms], [Generate Sources = 5 ms], [Process Annotations = 4 ms], [Extract Manifest = 3 ms], 
17:17:27.291 [Worker-28] INFO  o.a.AndroidAnnotationProcessor:123 - Finish processing
19:35:02.16 [Worker-4] INFO  o.a.AndroidAnnotationProcessor:85 - Initialize AndroidAnnotations 3.0.1 with options {phase=BUILD}
19:35:02.907 [Worker-4] INFO  o.a.AndroidAnnotationProcessor:109 - Start processing for 5 annotations on 10 elements
19:35:02.985 [Worker-4] DEBUG o.a.h.AndroidManifestFinder:137 - AndroidManifest.xml file found in parent folder D:\Programas\Desenvolvimento de Software\Desenvolvimento\Mobile\Android\workspace\AnunciosApp: D:\Programas\Desenvolvimento de Software\Desenvolvimento\Mobile\Android\workspace\AnunciosApp\AndroidManifest.xml
19:35:02.985 [Worker-4] INFO  o.a.AndroidAnnotationProcessor:172 - AndroidManifest.xml found: AndroidManifest [applicationPackage=br.senai.sc.anuncios.app, componentQualifiedNames=[br.senai.sc.anuncios.app.activity.home.HomeActivity_, br.senai.sc.anuncios.app.activity.login.LoginActivity_, br.senai.sc.anuncios.app.activity.menu.MenuActivity_, br.senai.sc.anuncios.app.activity.anuncio.NovoAnuncioActivity_], permissionQualifiedNames=[], applicationClassName=null, libraryProject=false, debugabble=false, minSdkVersion=14, maxSdkVersion=-1, targetSdkVersion=19]
19:35:02.985 [Worker-4] INFO  o.a.r.ProjectRClassFinder:50 - Found project R class: br.senai.sc.anuncios.app.R
19:35:03.79 [Worker-4] INFO  o.a.r.AndroidRClassFinder:44 - Found Android class: android.R
19:35:03.142 [Worker-4] INFO  o.a.p.ModelValidator:42 - Validating elements
19:35:03.142 [Worker-4] DEBUG o.a.p.ModelValidator:62 - Validating with EActivityHandler: [br.senai.sc.anuncios.app.activity.anuncio.NovoAnuncioActivity, br.senai.sc.anuncios.app.activity.login.LoginActivity, br.senai.sc.anuncios.app.activity.menu.MenuActivity, br.senai.sc.anuncios.app.activity.home.HomeActivity]
19:35:03.142 [Worker-4] DEBUG o.a.p.ModelValidator:62 - Validating with ViewByIdHandler: [usuarioEditText, senhaEditText, listAnuncios, listOpcoesMenu]
19:35:03.157 [Worker-4] DEBUG o.a.p.ModelValidator:62 - Validating with ClickHandler: [public void irParaOMenu() , public void autenticarUsuario() ]
19:35:03.157 [Worker-4] DEBUG o.a.p.ModelValidator:62 - Validating with WindowFeatureHandler: [br.senai.sc.anuncios.app.activity.login.LoginActivity, br.senai.sc.anuncios.app.activity.menu.MenuActivity, br.senai.sc.anuncios.app.activity.home.HomeActivity]
19:35:03.157 [Worker-4] DEBUG o.a.p.ModelValidator:62 - Validating with AfterViewsHandler: [void iniciarListAdapter() , public void registrarListenerItem() , public void verificarSeEhParaFinalizarApp() ]
19:35:03.173 [Worker-4] INFO  o.a.p.ModelProcessor:73 - Processing root elements
19:35:03.173 [Worker-4] DEBUG o.a.p.ModelProcessor:80 - Processing root elements EActivityHandler: [br.senai.sc.anuncios.app.activity.anuncio.NovoAnuncioActivity, br.senai.sc.anuncios.app.activity.login.LoginActivity, br.senai.sc.anuncios.app.activity.menu.MenuActivity, br.senai.sc.anuncios.app.activity.home.HomeActivity]
19:35:03.345 [Worker-4] INFO  o.a.p.ModelProcessor:104 - Processing enclosed elements
19:35:03.345 [Worker-4] INFO  o.a.AndroidAnnotationProcessor:251 - Number of files generated by AndroidAnnotations: 4
19:35:03.360 [Worker-4] INFO  o.a.g.ApiCodeGenerator:52 - Writting following API classes in project: []
19:35:03.360 [Worker-4] DEBUG o.a.g.SourceCodewriter:55 - Generating class: br.senai.sc.anuncios.app.activity.anuncio.NovoAnuncioActivity_
19:35:03.454 [Worker-4] DEBUG o.a.g.SourceCodewriter:55 - Generating class: br.senai.sc.anuncios.app.activity.login.LoginActivity_
19:35:03.454 [Worker-4] DEBUG o.a.g.SourceCodewriter:55 - Generating class: br.senai.sc.anuncios.app.activity.home.HomeActivity_
19:35:03.470 [Worker-4] DEBUG o.a.g.SourceCodewriter:55 - Generating class: br.senai.sc.anuncios.app.activity.menu.MenuActivity_
19:35:03.485 [Worker-4] INFO  o.a.p.TimeStats:81 - Time measurements: [Whole Processing = 563 ms], [Process Annotations = 188 ms], [Generate Sources = 125 ms], [Find R Classes = 110 ms], [Extract Annotations = 47 ms], [Extract Manifest = 15 ms], [Validate Annotations = 15 ms], 
19:35:03.485 [Worker-4] INFO  o.a.AndroidAnnotationProcessor:123 - Finish processing
19:35:22.601 [Worker-7] INFO  o.a.AndroidAnnotationProcessor:85 - Initialize AndroidAnnotations 3.0.1 with options {phase=BUILD}
19:35:30.676 [Worker-6] INFO  o.a.AndroidAnnotationProcessor:85 - Initialize AndroidAnnotations 3.0.1 with options {phase=BUILD}
19:35:30.676 [Worker-6] INFO  o.a.AndroidAnnotationProcessor:109 - Start processing for 5 annotations on 10 elements
19:35:30.706 [Worker-6] DEBUG o.a.h.AndroidManifestFinder:137 - AndroidManifest.xml file found in parent folder D:\Programas\Desenvolvimento de Software\Desenvolvimento\Mobile\Android\workspace\AnunciosApp: D:\Programas\Desenvolvimento de Software\Desenvolvimento\Mobile\Android\workspace\AnunciosApp\AndroidManifest.xml
19:35:30.706 [Worker-6] INFO  o.a.AndroidAnnotationProcessor:172 - AndroidManifest.xml found: AndroidManifest [applicationPackage=br.senai.sc.anuncios.app, componentQualifiedNames=[br.senai.sc.anuncios.app.activity.home.HomeActivity_, br.senai.sc.anuncios.app.activity.login.LoginActivity_, br.senai.sc.anuncios.app.activity.menu.MenuActivity_, br.senai.sc.anuncios.app.activity.anuncio.NovoAnuncioActivity_], permissionQualifiedNames=[], applicationClassName=null, libraryProject=false, debugabble=false, minSdkVersion=14, maxSdkVersion=-1, targetSdkVersion=19]
19:35:30.706 [Worker-6] INFO  o.a.r.ProjectRClassFinder:50 - Found project R class: br.senai.sc.anuncios.app.R
19:35:30.716 [Worker-6] INFO  o.a.r.AndroidRClassFinder:44 - Found Android class: android.R
19:35:30.726 [Worker-6] INFO  o.a.p.ModelValidator:42 - Validating elements
19:35:30.726 [Worker-6] DEBUG o.a.p.ModelValidator:62 - Validating with EActivityHandler: [br.senai.sc.anuncios.app.activity.anuncio.NovoAnuncioActivity, br.senai.sc.anuncios.app.activity.login.LoginActivity, br.senai.sc.anuncios.app.activity.menu.MenuActivity, br.senai.sc.anuncios.app.activity.home.HomeActivity]
19:35:30.726 [Worker-6] DEBUG o.a.p.ModelValidator:62 - Validating with ViewByIdHandler: [usuarioEditText, senhaEditText, listAnuncios, listOpcoesMenu]
19:35:30.726 [Worker-6] DEBUG o.a.p.ModelValidator:62 - Validating with ClickHandler: [public void autenticarUsuario() , public void irParaOMenu() ]
19:35:30.736 [Worker-6] DEBUG o.a.p.ModelValidator:62 - Validating with WindowFeatureHandler: [br.senai.sc.anuncios.app.activity.login.LoginActivity, br.senai.sc.anuncios.app.activity.menu.MenuActivity, br.senai.sc.anuncios.app.activity.home.HomeActivity]
19:35:30.736 [Worker-6] DEBUG o.a.p.ModelValidator:62 - Validating with AfterViewsHandler: [public void registrarListenerItem() , void iniciarListAdapter() , public void verificarSeEhParaFinalizarApp() ]
19:35:30.736 [Worker-6] INFO  o.a.p.ModelProcessor:73 - Processing root elements
19:35:30.736 [Worker-6] DEBUG o.a.p.ModelProcessor:80 - Processing root elements EActivityHandler: [br.senai.sc.anuncios.app.activity.anuncio.NovoAnuncioActivity, br.senai.sc.anuncios.app.activity.login.LoginActivity, br.senai.sc.anuncios.app.activity.menu.MenuActivity, br.senai.sc.anuncios.app.activity.home.HomeActivity]
19:35:30.746 [Worker-6] INFO  o.a.p.ModelProcessor:104 - Processing enclosed elements
19:35:30.756 [Worker-6] INFO  o.a.AndroidAnnotationProcessor:251 - Number of files generated by AndroidAnnotations: 4
19:35:30.756 [Worker-6] INFO  o.a.g.ApiCodeGenerator:52 - Writting following API classes in project: []
19:35:30.756 [Worker-6] DEBUG o.a.g.SourceCodewriter:55 - Generating class: br.senai.sc.anuncios.app.activity.anuncio.NovoAnuncioActivity_
19:35:30.766 [Worker-6] DEBUG o.a.g.SourceCodewriter:55 - Generating class: br.senai.sc.anuncios.app.activity.login.LoginActivity_
19:35:30.766 [Worker-6] DEBUG o.a.g.SourceCodewriter:55 - Generating class: br.senai.sc.anuncios.app.activity.home.HomeActivity_
19:35:30.776 [Worker-6] DEBUG o.a.g.SourceCodewriter:55 - Generating class: br.senai.sc.anuncios.app.activity.menu.MenuActivity_
19:35:30.786 [Worker-6] INFO  o.a.p.TimeStats:81 - Time measurements: [Whole Processing = 110 ms], [Generate Sources = 30 ms], [Find R Classes = 20 ms], [Process Annotations = 20 ms], [Extract Annotations = 10 ms], [Extract Manifest = 10 ms], [Validate Annotations = 10 ms], 
19:35:30.786 [Worker-6] INFO  o.a.AndroidAnnotationProcessor:123 - Finish processing
20:40:44.795 [Worker-5] INFO  o.a.AndroidAnnotationProcessor:85 - Initialize AndroidAnnotations 3.0.1 with options {phase=BUILD}
20:40:44.937 [Worker-5] INFO  o.a.AndroidAnnotationProcessor:109 - Start processing for 5 annotations on 10 elements
20:40:44.979 [Worker-5] DEBUG o.a.h.AndroidManifestFinder:137 - AndroidManifest.xml file found in parent folder D:\Programas\Desenvolvimento de Software\Desenvolvimento\Mobile\Android\workspace\AnunciosApp: D:\Programas\Desenvolvimento de Software\Desenvolvimento\Mobile\Android\workspace\AnunciosApp\AndroidManifest.xml
20:40:44.990 [Worker-5] INFO  o.a.AndroidAnnotationProcessor:172 - AndroidManifest.xml found: AndroidManifest [applicationPackage=br.senai.sc.anuncios.app, componentQualifiedNames=[br.senai.sc.anuncios.app.activity.home.HomeActivity_, br.senai.sc.anuncios.app.activity.login.LoginActivity_, br.senai.sc.anuncios.app.activity.menu.MenuActivity_, br.senai.sc.anuncios.app.activity.anuncio.NovoAnuncioActivity_], permissionQualifiedNames=[], applicationClassName=null, libraryProject=false, debugabble=false, minSdkVersion=14, maxSdkVersion=-1, targetSdkVersion=19]
20:40:44.993 [Worker-5] INFO  o.a.r.ProjectRClassFinder:50 - Found project R class: br.senai.sc.anuncios.app.R
20:40:45.14 [Worker-5] INFO  o.a.r.AndroidRClassFinder:44 - Found Android class: android.R
20:40:45.58 [Worker-5] INFO  o.a.p.ModelValidator:42 - Validating elements
20:40:45.60 [Worker-5] DEBUG o.a.p.ModelValidator:62 - Validating with EActivityHandler: [br.senai.sc.anuncios.app.activity.anuncio.NovoAnuncioActivity, br.senai.sc.anuncios.app.activity.login.LoginActivity, br.senai.sc.anuncios.app.activity.menu.MenuActivity, br.senai.sc.anuncios.app.activity.home.HomeActivity]
20:40:45.66 [Worker-5] DEBUG o.a.p.ModelValidator:62 - Validating with ViewByIdHandler: [listAnuncios, listOpcoesMenu, usuarioEditText, senhaEditText]
20:40:45.72 [Worker-5] DEBUG o.a.p.ModelValidator:62 - Validating with ClickHandler: [public void autenticarUsuario() , public void irParaOMenu() ]
20:40:45.83 [Worker-5] DEBUG o.a.p.ModelValidator:62 - Validating with WindowFeatureHandler: [br.senai.sc.anuncios.app.activity.login.LoginActivity, br.senai.sc.anuncios.app.activity.menu.MenuActivity, br.senai.sc.anuncios.app.activity.home.HomeActivity]
20:40:45.86 [Worker-5] DEBUG o.a.p.ModelValidator:62 - Validating with AfterViewsHandler: [public void verificarSeEhParaFinalizarApp() , void iniciarListAdapter() , public void registrarListenerItem() ]
20:40:45.103 [Worker-5] INFO  o.a.p.ModelProcessor:73 - Processing root elements
20:40:45.106 [Worker-5] DEBUG o.a.p.ModelProcessor:80 - Processing root elements EActivityHandler: [br.senai.sc.anuncios.app.activity.anuncio.NovoAnuncioActivity, br.senai.sc.anuncios.app.activity.login.LoginActivity, br.senai.sc.anuncios.app.activity.menu.MenuActivity, br.senai.sc.anuncios.app.activity.home.HomeActivity]
20:40:45.164 [Worker-5] INFO  o.a.p.ModelProcessor:104 - Processing enclosed elements
20:40:45.181 [Worker-5] INFO  o.a.AndroidAnnotationProcessor:251 - Number of files generated by AndroidAnnotations: 4
20:40:45.188 [Worker-5] INFO  o.a.g.ApiCodeGenerator:52 - Writting following API classes in project: []
20:40:45.197 [Worker-5] DEBUG o.a.g.SourceCodewriter:55 - Generating class: br.senai.sc.anuncios.app.activity.anuncio.NovoAnuncioActivity_
20:40:45.249 [Worker-5] DEBUG o.a.g.SourceCodewriter:55 - Generating class: br.senai.sc.anuncios.app.activity.login.LoginActivity_
20:40:45.261 [Worker-5] DEBUG o.a.g.SourceCodewriter:55 - Generating class: br.senai.sc.anuncios.app.activity.home.HomeActivity_
20:40:45.271 [Worker-5] DEBUG o.a.g.SourceCodewriter:55 - Generating class: br.senai.sc.anuncios.app.activity.menu.MenuActivity_
20:40:45.281 [Worker-5] INFO  o.a.p.TimeStats:81 - Time measurements: [Whole Processing = 345 ms], [Generate Sources = 100 ms], [Process Annotations = 92 ms], [Extract Annotations = 37 ms], [Find R Classes = 34 ms], [Validate Annotations = 31 ms], [Extract Manifest = 13 ms], 
20:40:45.282 [Worker-5] INFO  o.a.AndroidAnnotationProcessor:123 - Finish processing
20:40:59.476 [Worker-0] INFO  o.a.AndroidAnnotationProcessor:85 - Initialize AndroidAnnotations 3.0.1 with options {phase=BUILD}
20:41:07.806 [Worker-0] INFO  o.a.AndroidAnnotationProcessor:85 - Initialize AndroidAnnotations 3.0.1 with options {phase=BUILD}
20:41:07.808 [Worker-0] INFO  o.a.AndroidAnnotationProcessor:109 - Start processing for 5 annotations on 10 elements
20:41:07.839 [Worker-0] DEBUG o.a.h.AndroidManifestFinder:137 - AndroidManifest.xml file found in parent folder D:\Programas\Desenvolvimento de Software\Desenvolvimento\Mobile\Android\workspace\AnunciosApp: D:\Programas\Desenvolvimento de Software\Desenvolvimento\Mobile\Android\workspace\AnunciosApp\AndroidManifest.xml
20:41:07.842 [Worker-0] INFO  o.a.AndroidAnnotationProcessor:172 - AndroidManifest.xml found: AndroidManifest [applicationPackage=br.senai.sc.anuncios.app, componentQualifiedNames=[br.senai.sc.anuncios.app.activity.home.HomeActivity_, br.senai.sc.anuncios.app.activity.login.LoginActivity_, br.senai.sc.anuncios.app.activity.menu.MenuActivity_, br.senai.sc.anuncios.app.activity.anuncio.NovoAnuncioActivity_], permissionQualifiedNames=[], applicationClassName=null, libraryProject=false, debugabble=false, minSdkVersion=14, maxSdkVersion=-1, targetSdkVersion=19]
20:41:07.843 [Worker-0] INFO  o.a.r.ProjectRClassFinder:50 - Found project R class: br.senai.sc.anuncios.app.R
20:41:07.851 [Worker-0] INFO  o.a.r.AndroidRClassFinder:44 - Found Android class: android.R
20:41:07.860 [Worker-0] INFO  o.a.p.ModelValidator:42 - Validating elements
20:41:07.862 [Worker-0] DEBUG o.a.p.ModelValidator:62 - Validating with EActivityHandler: [br.senai.sc.anuncios.app.activity.anuncio.NovoAnuncioActivity, br.senai.sc.anuncios.app.activity.login.LoginActivity, br.senai.sc.anuncios.app.activity.menu.MenuActivity, br.senai.sc.anuncios.app.activity.home.HomeActivity]
20:41:07.864 [Worker-0] DEBUG o.a.p.ModelValidator:62 - Validating with ViewByIdHandler: [usuarioEditText, listAnuncios, senhaEditText, listOpcoesMenu]
20:41:07.869 [Worker-0] DEBUG o.a.p.ModelValidator:62 - Validating with ClickHandler: [public void autenticarUsuario() , public void irParaOMenu() ]
20:41:07.872 [Worker-0] DEBUG o.a.p.ModelValidator:62 - Validating with WindowFeatureHandler: [br.senai.sc.anuncios.app.activity.login.LoginActivity, br.senai.sc.anuncios.app.activity.menu.MenuActivity, br.senai.sc.anuncios.app.activity.home.HomeActivity]
20:41:07.874 [Worker-0] DEBUG o.a.p.ModelValidator:62 - Validating with AfterViewsHandler: [void iniciarListAdapter() , public void verificarSeEhParaFinalizarApp() , public void registrarListenerItem() ]
20:41:07.876 [Worker-0] INFO  o.a.p.ModelProcessor:73 - Processing root elements
20:41:07.877 [Worker-0] DEBUG o.a.p.ModelProcessor:80 - Processing root elements EActivityHandler: [br.senai.sc.anuncios.app.activity.anuncio.NovoAnuncioActivity, br.senai.sc.anuncios.app.activity.login.LoginActivity, br.senai.sc.anuncios.app.activity.menu.MenuActivity, br.senai.sc.anuncios.app.activity.home.HomeActivity]
20:41:07.888 [Worker-0] INFO  o.a.p.ModelProcessor:104 - Processing enclosed elements
20:41:07.891 [Worker-0] INFO  o.a.AndroidAnnotationProcessor:251 - Number of files generated by AndroidAnnotations: 4
20:41:07.892 [Worker-0] INFO  o.a.g.ApiCodeGenerator:52 - Writting following API classes in project: []
20:41:07.894 [Worker-0] DEBUG o.a.g.SourceCodewriter:55 - Generating class: br.senai.sc.anuncios.app.activity.anuncio.NovoAnuncioActivity_
20:41:07.902 [Worker-0] DEBUG o.a.g.SourceCodewriter:55 - Generating class: br.senai.sc.anuncios.app.activity.login.LoginActivity_
20:41:07.910 [Worker-0] DEBUG o.a.g.SourceCodewriter:55 - Generating class: br.senai.sc.anuncios.app.activity.home.HomeActivity_
20:41:07.917 [Worker-0] DEBUG o.a.g.SourceCodewriter:55 - Generating class: br.senai.sc.anuncios.app.activity.menu.MenuActivity_
20:41:07.923 [Worker-0] INFO  o.a.p.TimeStats:81 - Time measurements: [Whole Processing = 115 ms], [Generate Sources = 32 ms], [Extract Annotations = 29 ms], [Find R Classes = 17 ms], [Process Annotations = 16 ms], [Validate Annotations = 15 ms], [Extract Manifest = 3 ms], 
20:41:07.925 [Worker-0] INFO  o.a.AndroidAnnotationProcessor:123 - Finish processing
00:52:21.285 [Worker-2] INFO  o.a.AndroidAnnotationProcessor:85 - Initialize AndroidAnnotations 3.0.1 with options {phase=BUILD}
00:52:21.419 [Worker-2] INFO  o.a.AndroidAnnotationProcessor:109 - Start processing for 5 annotations on 10 elements
00:52:21.462 [Worker-2] DEBUG o.a.h.AndroidManifestFinder:137 - AndroidManifest.xml file found in parent folder D:\Programas\Desenvolvimento de Software\Desenvolvimento\Mobile\Android\workspace\AnunciosApp: D:\Programas\Desenvolvimento de Software\Desenvolvimento\Mobile\Android\workspace\AnunciosApp\AndroidManifest.xml
00:52:21.471 [Worker-2] INFO  o.a.AndroidAnnotationProcessor:172 - AndroidManifest.xml found: AndroidManifest [applicationPackage=br.senai.sc.anuncios.app, componentQualifiedNames=[br.senai.sc.anuncios.app.activity.home.HomeActivity_, br.senai.sc.anuncios.app.activity.login.LoginActivity_, br.senai.sc.anuncios.app.activity.menu.MenuActivity_, br.senai.sc.anuncios.app.activity.anuncio.NovoAnuncioActivity_], permissionQualifiedNames=[], applicationClassName=null, libraryProject=false, debugabble=false, minSdkVersion=14, maxSdkVersion=-1, targetSdkVersion=19]
00:52:21.474 [Worker-2] INFO  o.a.r.ProjectRClassFinder:50 - Found project R class: br.senai.sc.anuncios.app.R
00:52:21.502 [Worker-2] INFO  o.a.r.AndroidRClassFinder:44 - Found Android class: android.R
00:52:21.964 [Worker-2] INFO  o.a.p.ModelValidator:42 - Validating elements
00:52:21.966 [Worker-2] DEBUG o.a.p.ModelValidator:62 - Validating with EActivityHandler: [br.senai.sc.anuncios.app.activity.anuncio.NovoAnuncioActivity, br.senai.sc.anuncios.app.activity.login.LoginActivity, br.senai.sc.anuncios.app.activity.menu.MenuActivity, br.senai.sc.anuncios.app.activity.home.HomeActivity]
00:52:21.970 [Worker-2] DEBUG o.a.p.ModelValidator:62 - Validating with ViewByIdHandler: [senhaEditText, listAnuncios, listOpcoesMenu, usuarioEditText]
00:52:21.976 [Worker-2] DEBUG o.a.p.ModelValidator:62 - Validating with ClickHandler: [public void autenticarUsuario() , public void irParaOMenu() ]
00:52:21.983 [Worker-2] DEBUG o.a.p.ModelValidator:62 - Validating with WindowFeatureHandler: [br.senai.sc.anuncios.app.activity.login.LoginActivity, br.senai.sc.anuncios.app.activity.menu.MenuActivity, br.senai.sc.anuncios.app.activity.home.HomeActivity]
00:52:21.985 [Worker-2] DEBUG o.a.p.ModelValidator:62 - Validating with AfterViewsHandler: [public void verificarSeEhParaFinalizarApp() , public void registrarListenerItem() , void iniciarListAdapter() ]
00:52:22.1 [Worker-2] INFO  o.a.p.ModelProcessor:73 - Processing root elements
00:52:22.3 [Worker-2] DEBUG o.a.p.ModelProcessor:80 - Processing root elements EActivityHandler: [br.senai.sc.anuncios.app.activity.anuncio.NovoAnuncioActivity, br.senai.sc.anuncios.app.activity.login.LoginActivity, br.senai.sc.anuncios.app.activity.menu.MenuActivity, br.senai.sc.anuncios.app.activity.home.HomeActivity]
00:52:22.47 [Worker-2] INFO  o.a.p.ModelProcessor:104 - Processing enclosed elements
00:52:22.55 [Worker-2] INFO  o.a.AndroidAnnotationProcessor:251 - Number of files generated by AndroidAnnotations: 4
00:52:22.59 [Worker-2] INFO  o.a.g.ApiCodeGenerator:52 - Writting following API classes in project: []
00:52:22.63 [Worker-2] DEBUG o.a.g.SourceCodewriter:55 - Generating class: br.senai.sc.anuncios.app.activity.anuncio.NovoAnuncioActivity_
00:52:22.100 [Worker-2] DEBUG o.a.g.SourceCodewriter:55 - Generating class: br.senai.sc.anuncios.app.activity.login.LoginActivity_
00:52:22.108 [Worker-2] DEBUG o.a.g.SourceCodewriter:55 - Generating class: br.senai.sc.anuncios.app.activity.home.HomeActivity_
00:52:22.116 [Worker-2] DEBUG o.a.g.SourceCodewriter:55 - Generating class: br.senai.sc.anuncios.app.activity.menu.MenuActivity_
00:52:22.125 [Worker-2] INFO  o.a.p.TimeStats:81 - Time measurements: [Whole Processing = 706 ms], [Generate Sources = 70 ms], [Process Annotations = 67 ms], [Find R Classes = 50 ms], [Extract Annotations = 38 ms], [Validate Annotations = 25 ms], [Extract Manifest = 12 ms], 
00:52:22.126 [Worker-2] INFO  o.a.AndroidAnnotationProcessor:123 - Finish processing
00:52:33.706 [Worker-6] INFO  o.a.AndroidAnnotationProcessor:85 - Initialize AndroidAnnotations 3.0.1 with options {phase=BUILD}
00:52:41.913 [Worker-6] INFO  o.a.AndroidAnnotationProcessor:85 - Initialize AndroidAnnotations 3.0.1 with options {phase=BUILD}
00:52:41.915 [Worker-6] INFO  o.a.AndroidAnnotationProcessor:109 - Start processing for 5 annotations on 10 elements
00:52:41.931 [Worker-6] DEBUG o.a.h.AndroidManifestFinder:137 - AndroidManifest.xml file found in parent folder D:\Programas\Desenvolvimento de Software\Desenvolvimento\Mobile\Android\workspace\AnunciosApp: D:\Programas\Desenvolvimento de Software\Desenvolvimento\Mobile\Android\workspace\AnunciosApp\AndroidManifest.xml
00:52:41.935 [Worker-6] INFO  o.a.AndroidAnnotationProcessor:172 - AndroidManifest.xml found: AndroidManifest [applicationPackage=br.senai.sc.anuncios.app, componentQualifiedNames=[br.senai.sc.anuncios.app.activity.home.HomeActivity_, br.senai.sc.anuncios.app.activity.login.LoginActivity_, br.senai.sc.anuncios.app.activity.menu.MenuActivity_, br.senai.sc.anuncios.app.activity.anuncio.NovoAnuncioActivity_], permissionQualifiedNames=[], applicationClassName=null, libraryProject=false, debugabble=false, minSdkVersion=14, maxSdkVersion=-1, targetSdkVersion=19]
00:52:41.937 [Worker-6] INFO  o.a.r.ProjectRClassFinder:50 - Found project R class: br.senai.sc.anuncios.app.R
00:52:41.949 [Worker-6] INFO  o.a.r.AndroidRClassFinder:44 - Found Android class: android.R
00:52:41.958 [Worker-6] INFO  o.a.p.ModelValidator:42 - Validating elements
00:52:41.959 [Worker-6] DEBUG o.a.p.ModelValidator:62 - Validating with EActivityHandler: [br.senai.sc.anuncios.app.activity.anuncio.NovoAnuncioActivity, br.senai.sc.anuncios.app.activity.login.LoginActivity, br.senai.sc.anuncios.app.activity.menu.MenuActivity, br.senai.sc.anuncios.app.activity.home.HomeActivity]
00:52:41.961 [Worker-6] DEBUG o.a.p.ModelValidator:62 - Validating with ViewByIdHandler: [usuarioEditText, listOpcoesMenu, senhaEditText, listAnuncios]
00:52:41.965 [Worker-6] DEBUG o.a.p.ModelValidator:62 - Validating with ClickHandler: [public void autenticarUsuario() , public void irParaOMenu() ]
00:52:41.966 [Worker-6] DEBUG o.a.p.ModelValidator:62 - Validating with WindowFeatureHandler: [br.senai.sc.anuncios.app.activity.login.LoginActivity, br.senai.sc.anuncios.app.activity.menu.MenuActivity, br.senai.sc.anuncios.app.activity.home.HomeActivity]
00:52:41.968 [Worker-6] DEBUG o.a.p.ModelValidator:62 - Validating with AfterViewsHandler: [void iniciarListAdapter() , public void registrarListenerItem() , public void verificarSeEhParaFinalizarApp() ]
00:52:41.970 [Worker-6] INFO  o.a.p.ModelProcessor:73 - Processing root elements
00:52:41.972 [Worker-6] DEBUG o.a.p.ModelProcessor:80 - Processing root elements EActivityHandler: [br.senai.sc.anuncios.app.activity.anuncio.NovoAnuncioActivity, br.senai.sc.anuncios.app.activity.login.LoginActivity, br.senai.sc.anuncios.app.activity.menu.MenuActivity, br.senai.sc.anuncios.app.activity.home.HomeActivity]
00:52:41.982 [Worker-6] INFO  o.a.p.ModelProcessor:104 - Processing enclosed elements
00:52:41.985 [Worker-6] INFO  o.a.AndroidAnnotationProcessor:251 - Number of files generated by AndroidAnnotations: 4
00:52:41.987 [Worker-6] INFO  o.a.g.ApiCodeGenerator:52 - Writting following API classes in project: []
00:52:41.988 [Worker-6] DEBUG o.a.g.SourceCodewriter:55 - Generating class: br.senai.sc.anuncios.app.activity.anuncio.NovoAnuncioActivity_
00:52:41.999 [Worker-6] DEBUG o.a.g.SourceCodewriter:55 - Generating class: br.senai.sc.anuncios.app.activity.login.LoginActivity_
00:52:42.7 [Worker-6] DEBUG o.a.g.SourceCodewriter:55 - Generating class: br.senai.sc.anuncios.app.activity.home.HomeActivity_
00:52:42.14 [Worker-6] DEBUG o.a.g.SourceCodewriter:55 - Generating class: br.senai.sc.anuncios.app.activity.menu.MenuActivity_
00:52:42.23 [Worker-6] INFO  o.a.p.TimeStats:81 - Time measurements: [Whole Processing = 108 ms], [Generate Sources = 38 ms], [Find R Classes = 20 ms], [Extract Annotations = 15 ms], [Process Annotations = 15 ms], [Validate Annotations = 12 ms], [Extract Manifest = 4 ms], 
00:52:42.24 [Worker-6] INFO  o.a.AndroidAnnotationProcessor:123 - Finish processing
